******************************************************************************
*****************************Encoding****************************************
******************************************************************************
japanese_japan.ja16sjis
japanese_japan.ja16sjis
japanese_japan.ja16sjis
******************************************************************************
*****************************Compile Started**********************************
******************************************************************************

SQL*Plus: Release 12.1.0.2.0 Production on 火 3月 5 02:20:14 2019

Copyright (c) 1982, 2014, Oracle.  All rights reserved.

ユーザー名を入力してください: 最終正常ログイン時間: 火 3月  05 2019 02:20:13 +09:00


Oracle Database 12c Enterprise Edition Release 12.1.0.2.0 - 64bit Production
With the Partitioning, Automatic Storage Management, OLAP, Advanced Analytics
and Real Application Testing options
に接続されました。
02:20:15 VM1DTA@IGPRD22> 02:20:15 VM1DTA@IGPRD22> 02:20:15 VM1DTA@IGPRD22> 02:20:15 VM1DTA@IGPRD22> 02:20:15 VM1DTA@IGPRD22> 02:20:15 VM1DTA@IGPRD22> 02:20:15 VM1DTA@IGPRD22> 02:20:15 VM1DTA@IGPRD22> 02:20:15 VM1DTA@IGPRD22> 02:20:15 VM1DTA@IGPRD22> 02:20:15 VM1DTA@IGPRD22> 02:20:15 VM1DTA@IGPRD22> 02:20:16 VM1DTA@IGPRD22> 02:20:16 VM1DTA@IGPRD22> 02:20:16 VM1DTA@IGPRD22> 02:20:16 VM1DTA@IGPRD22> 02:20:16 VM1DTA@IGPRD22> 02:20:16 VM1DTA@IGPRD22> 02:20:16 VM1DTA@IGPRD22> 02:20:16 VM1DTA@IGPRD22> 02:20:17 VM1DTA@IGPRD22> 02:20:17 VM1DTA@IGPRD22> 02:20:17 VM1DTA@IGPRD22> 02:20:17 VM1DTA@IGPRD22> 02:20:17 VM1DTA@IGPRD22> 02:20:17 VM1DTA@IGPRD22> 02:20:17 VM1DTA@IGPRD22> 02:20:17 VM1DTA@IGPRD22> 02:20:17 VM1DTA@IGPRD22> 02:20:17 VM1DTA@IGPRD22> 02:20:17 VM1DTA@IGPRD22> 02:20:18 VM1DTA@IGPRD22> 02:20:18 VM1DTA@IGPRD22> 02:20:18 VM1DTA@IGPRD22> 02:20:18 VM1DTA@IGPRD22> 02:20:18 VM1DTA@IGPRD22> 02:20:18 VM1DTA@IGPRD22> 02:20:18 VM1DTA@IGPRD22> 02:20:18 VM1DTA@IGPRD22> 02:20:18 VM1DTA@IGPRD22> 02:20:18 VM1DTA@IGPRD22> 02:20:18 VM1DTA@IGPRD22> 02:20:19 VM1DTA@IGPRD22> 02:20:19 VM1DTA@IGPRD22> 02:20:19 VM1DTA@IGPRD22> 02:20:19 VM1DTA@IGPRD22> 02:20:19 VM1DTA@IGPRD22> 02:20:19 VM1DTA@IGPRD22> 02:20:19 VM1DTA@IGPRD22> 02:20:19 VM1DTA@IGPRD22> 02:20:19 VM1DTA@IGPRD22> 02:20:19 VM1DTA@IGPRD22> 02:20:19 VM1DTA@IGPRD22> 02:20:19 VM1DTA@IGPRD22> 02:20:19 VM1DTA@IGPRD22> 02:20:20 VM1DTA@IGPRD22> 02:20:20 VM1DTA@IGPRD22> 02:20:20 VM1DTA@IGPRD22> 02:20:20 VM1DTA@IGPRD22> 02:20:20 VM1DTA@IGPRD22> 02:20:20 VM1DTA@IGPRD22> 02:20:20 VM1DTA@IGPRD22> 02:20:20 VM1DTA@IGPRD22> 02:20:20 VM1DTA@IGPRD22> 02:20:20 VM1DTA@IGPRD22> 02:20:20 VM1DTA@IGPRD22> 02:20:20 VM1DTA@IGPRD22> 02:20:20 VM1DTA@IGPRD22> 02:20:20 VM1DTA@IGPRD22> 02:20:20 VM1DTA@IGPRD22> Oracle Database 12c Enterprise Edition Release 12.1.0.2.0 - 64bit Production
With the Partitioning, Automatic Storage Management, OLAP, Advanced Analytics
and Real Application Testing optionsとの接続が切断されました。
******************************************************************************
*************************Normal VM1DTA Export Started*************************
******************************************************************************

SQL*Plus: Release 12.1.0.2.0 Production on 火 3月 5 02:20:20 2019

Copyright (c) 1982, 2014, Oracle.  All rights reserved.

ユーザー名を入力してください: 最終正常ログイン時間: 火 3月  05 2019 02:20:14 +09:00


Oracle Database 12c Enterprise Edition Release 12.1.0.2.0 - 64bit Production
With the Partitioning, Automatic Storage Management, OLAP, Advanced Analytics
and Real Application Testing options
に接続されました。
02:20:20 VM1DTA@IGPRD22> 02:20:20 VM1DTA@IGPRD22> 02:20:20 VM1DTA@IGPRD22> 02:20:20 VM1DTA@IGPRD22> 02:20:20 VM1DTA@IGPRD22> 02:20:20 VM1DTA@IGPRD22> 02:20:20 VM1DTA@IGPRD22> 02:20:21 VM1DTA@IGPRD22> 02:20:21 VM1DTA@IGPRD22> 02:20:21 VM1DTA@IGPRD22> 02:21:50 VM1DTA@IGPRD22> 02:22:27 VM1DTA@IGPRD22> 02:23:21 VM1DTA@IGPRD22> 02:23:21 VM1DTA@IGPRD22> 02:23:24 VM1DTA@IGPRD22> 02:23:42 VM1DTA@IGPRD22> 02:30:59 VM1DTA@IGPRD22> Oracle Database 12c Enterprise Edition Release 12.1.0.2.0 - 64bit Production
With the Partitioning, Automatic Storage Management, OLAP, Advanced Analytics
and Real Application Testing optionsとの接続が切断されました。
******************************************************************************
************************PIPELINE PARALLEL VM1DTA Export Started***************
******************************************************************************

SQL*Plus: Release 12.1.0.2.0 Production on 火 3月 5 02:30:59 2019

Copyright (c) 1982, 2014, Oracle.  All rights reserved.

ユーザー名を入力してください: 最終正常ログイン時間: 火 3月  05 2019 02:20:20 +09:00


Oracle Database 12c Enterprise Edition Release 12.1.0.2.0 - 64bit Production
With the Partitioning, Automatic Storage Management, OLAP, Advanced Analytics
and Real Application Testing options
に接続されました。
02:31:00 VM1DTA@IGPRD22> 02:31:00 VM1DTA@IGPRD22> 02:31:00 VM1DTA@IGPRD22> 02:31:00 VM1DTA@IGPRD22> 02:31:00 VM1DTA@IGPRD22> 02:31:00 VM1DTA@IGPRD22> 02:31:00 VM1DTA@IGPRD22> 02:31:25 VM1DTA@IGPRD22> 02:31:46 VM1DTA@IGPRD22> 02:32:22 VM1DTA@IGPRD22> 02:32:42 VM1DTA@IGPRD22> 02:33:04 VM1DTA@IGPRD22> 02:34:02 VM1DTA@IGPRD22> 02:35:26 VM1DTA@IGPRD22> 02:35:57 VM1DTA@IGPRD22> 02:36:21 VM1DTA@IGPRD22> 02:39:18 VM1DTA@IGPRD22> 02:41:10 VM1DTA@IGPRD22> 02:41:26 VM1DTA@IGPRD22> 02:41:45 VM1DTA@IGPRD22> 02:41:45 VM1DTA@IGPRD22> 02:41:45 VM1DTA@IGPRD22> 02:41:45 VM1DTA@IGPRD22> 02:41:45 VM1DTA@IGPRD22> 02:41:55 VM1DTA@IGPRD22> 02:42:09 VM1DTA@IGPRD22> 02:42:09 VM1DTA@IGPRD22> 02:42:42 VM1DTA@IGPRD22> 02:42:42 VM1DTA@IGPRD22> 02:42:42 VM1DTA@IGPRD22> 02:42:42 VM1DTA@IGPRD22> 02:42:42 VM1DTA@IGPRD22> 02:42:42 VM1DTA@IGPRD22> 02:42:42 VM1DTA@IGPRD22> 02:43:14 VM1DTA@IGPRD22> 02:43:31 VM1DTA@IGPRD22> 02:43:34 VM1DTA@IGPRD22> Oracle Database 12c Enterprise Edition Release 12.1.0.2.0 - 64bit Production
With the Partitioning, Automatic Storage Management, OLAP, Advanced Analytics
and Real Application Testing optionsとの接続が切断されました。
******************************************************************************
************************Stage DB export Export Started***************
******************************************************************************

SQL*Plus: Release 12.1.0.2.0 Production on 火 3月 5 02:43:35 2019

Copyright (c) 1982, 2014, Oracle.  All rights reserved.

ユーザー名を入力してください: 最終正常ログイン時間: 火 3月  05 2019 02:41:10 +09:00


Oracle Database 12c Enterprise Edition Release 12.1.0.2.0 - 64bit Production
With the Partitioning, Automatic Storage Management, OLAP, Advanced Analytics
and Real Application Testing options
に接続されました。
02:43:35 STAGEDBUSR@stgprd22> 02:43:35 STAGEDBUSR@stgprd22> 02:43:35 STAGEDBUSR@stgprd22> 02:43:35 STAGEDBUSR@stgprd22> 02:43:35 STAGEDBUSR@stgprd22> 02:43:35 STAGEDBUSR@stgprd22> 02:43:35 STAGEDBUSR@stgprd22> 02:43:37 STAGEDBUSR@stgprd22> 02:43:43 STAGEDBUSR@stgprd22> 02:43:43 STAGEDBUSR@stgprd22> Oracle Database 12c Enterprise Edition Release 12.1.0.2.0 - 64bit Production
With the Partitioning, Automatic Storage Management, OLAP, Advanced Analytics
and Real Application Testing optionsとの接続が切断されました。
******************************************************************************
********************************COMPLETED************************************
******************************************************************************

[ HitokuDriver Version 2.5.0 ] STARTED AT (Tue Mar 05 02:43:47 JST 2019)

5000件  処理しました

ファイルの形式     =[C:カンマ区切り]

入力件数           =[5996 件]
正常出力件数       =[5996 件]
エラー出力件数     =[0 件]

[ HitokuDriver Version 2.5.0 ] ENDED   AT (Tue Mar 05 02:43:59 JST 2019)


[ HitokuDriver Version 2.5.0 ] STARTED AT (Tue Mar 05 02:44:00 JST 2019)


ファイルの形式     =[C:カンマ区切り]

入力件数           =[0 件]
正常出力件数       =[0 件]
エラー出力件数     =[0 件]

[ HitokuDriver Version 2.5.0 ] ENDED   AT (Tue Mar 05 02:44:00 JST 2019)


[ HitokuDriver Version 2.5.0 ] STARTED AT (Tue Mar 05 02:44:00 JST 2019)

5000件  処理しました
10000件  処理しました
15000件  処理しました
20000件  処理しました
25000件  処理しました
30000件  処理しました
35000件  処理しました
40000件  処理しました
45000件  処理しました
50000件  処理しました
55000件  処理しました
60000件  処理しました
65000件  処理しました
70000件  処理しました
75000件  処理しました
80000件  処理しました
85000件  処理しました
90000件  処理しました
95000件  処理しました
100000件  処理しました
105000件  処理しました
110000件  処理しました
115000件  処理しました
120000件  処理しました
125000件  処理しました
130000件  処理しました
135000件  処理しました
140000件  処理しました
145000件  処理しました
150000件  処理しました
155000件  処理しました
160000件  処理しました
165000件  処理しました
170000件  処理しました
175000件  処理しました
180000件  処理しました
185000件  処理しました
190000件  処理しました
195000件  処理しました
200000件  処理しました
205000件  処理しました
210000件  処理しました
215000件  処理しました
220000件  処理しました
225000件  処理しました
230000件  処理しました
235000件  処理しました
240000件  処理しました
245000件  処理しました
250000件  処理しました
255000件  処理しました
260000件  処理しました
265000件  処理しました
270000件  処理しました
275000件  処理しました
280000件  処理しました
285000件  処理しました
290000件  処理しました
295000件  処理しました
300000件  処理しました
305000件  処理しました
310000件  処理しました
315000件  処理しました
320000件  処理しました
325000件  処理しました
330000件  処理しました
335000件  処理しました
340000件  処理しました
345000件  処理しました
350000件  処理しました
355000件  処理しました
360000件  処理しました
365000件  処理しました
370000件  処理しました
375000件  処理しました
380000件  処理しました
385000件  処理しました
390000件  処理しました
395000件  処理しました
400000件  処理しました
405000件  処理しました
410000件  処理しました
415000件  処理しました
420000件  処理しました
425000件  処理しました
430000件  処理しました
435000件  処理しました
440000件  処理しました
445000件  処理しました
450000件  処理しました
455000件  処理しました
460000件  処理しました
465000件  処理しました
470000件  処理しました
475000件  処理しました
480000件  処理しました
485000件  処理しました
490000件  処理しました
495000件  処理しました
500000件  処理しました
505000件  処理しました
510000件  処理しました
515000件  処理しました
520000件  処理しました
525000件  処理しました
530000件  処理しました
535000件  処理しました
540000件  処理しました
545000件  処理しました
550000件  処理しました
555000件  処理しました
560000件  処理しました
565000件  処理しました
570000件  処理しました
575000件  処理しました
580000件  処理しました
585000件  処理しました
590000件  処理しました
595000件  処理しました
600000件  処理しました
605000件  処理しました
610000件  処理しました
615000件  処理しました
620000件  処理しました
625000件  処理しました
630000件  処理しました
635000件  処理しました
640000件  処理しました
645000件  処理しました
650000件  処理しました
655000件  処理しました
660000件  処理しました
665000件  処理しました
670000件  処理しました
675000件  処理しました
680000件  処理しました
685000件  処理しました
690000件  処理しました
695000件  処理しました
700000件  処理しました
705000件  処理しました
710000件  処理しました
715000件  処理しました
720000件  処理しました
725000件  処理しました
730000件  処理しました
735000件  処理しました
740000件  処理しました
745000件  処理しました
750000件  処理しました
755000件  処理しました
760000件  処理しました
765000件  処理しました
770000件  処理しました
775000件  処理しました
780000件  処理しました
785000件  処理しました
790000件  処理しました
795000件  処理しました
800000件  処理しました
805000件  処理しました
810000件  処理しました
815000件  処理しました
820000件  処理しました
825000件  処理しました
830000件  処理しました
835000件  処理しました
840000件  処理しました
845000件  処理しました
850000件  処理しました
855000件  処理しました
860000件  処理しました
865000件  処理しました
870000件  処理しました
875000件  処理しました
880000件  処理しました
885000件  処理しました
890000件  処理しました
895000件  処理しました
900000件  処理しました
905000件  処理しました
910000件  処理しました
915000件  処理しました
920000件  処理しました
925000件  処理しました
930000件  処理しました
935000件  処理しました
940000件  処理しました
945000件  処理しました
950000件  処理しました
955000件  処理しました
960000件  処理しました
965000件  処理しました
970000件  処理しました
975000件  処理しました
980000件  処理しました
985000件  処理しました
990000件  処理しました
995000件  処理しました
1000000件  処理しました
1005000件  処理しました
1010000件  処理しました
1015000件  処理しました
1020000件  処理しました
1025000件  処理しました
1030000件  処理しました
1035000件  処理しました
1040000件  処理しました
1045000件  処理しました
1050000件  処理しました
1055000件  処理しました
1060000件  処理しました
1065000件  処理しました
1070000件  処理しました
1075000件  処理しました
1080000件  処理しました
1085000件  処理しました
1090000件  処理しました
1095000件  処理しました
1100000件  処理しました

ファイルの形式     =[C:カンマ区切り]

入力件数           =[1103367 件]
正常出力件数       =[1103367 件]
エラー出力件数     =[0 件]

[ HitokuDriver Version 2.5.0 ] ENDED   AT (Tue Mar 05 03:02:06 JST 2019)


[ HitokuDriver Version 2.5.0 ] STARTED AT (Tue Mar 05 03:02:07 JST 2019)

5000件  処理しました
10000件  処理しました
15000件  処理しました
20000件  処理しました
25000件  処理しました
30000件  処理しました
35000件  処理しました
40000件  処理しました
45000件  処理しました
50000件  処理しました
55000件  処理しました
60000件  処理しました
65000件  処理しました
70000件  処理しました
75000件  処理しました
80000件  処理しました
85000件  処理しました
90000件  処理しました
95000件  処理しました
100000件  処理しました
105000件  処理しました
110000件  処理しました
115000件  処理しました
120000件  処理しました
125000件  処理しました
130000件  処理しました
135000件  処理しました
140000件  処理しました
145000件  処理しました
150000件  処理しました
155000件  処理しました
160000件  処理しました
165000件  処理しました
170000件  処理しました
175000件  処理しました
180000件  処理しました
185000件  処理しました
190000件  処理しました
195000件  処理しました
200000件  処理しました
205000件  処理しました
210000件  処理しました
215000件  処理しました
220000件  処理しました
225000件  処理しました
230000件  処理しました
235000件  処理しました
240000件  処理しました
245000件  処理しました
250000件  処理しました
255000件  処理しました
260000件  処理しました
265000件  処理しました
270000件  処理しました
275000件  処理しました
280000件  処理しました
285000件  処理しました
290000件  処理しました
295000件  処理しました
300000件  処理しました
305000件  処理しました
310000件  処理しました
315000件  処理しました
320000件  処理しました
325000件  処理しました
330000件  処理しました
335000件  処理しました
340000件  処理しました
345000件  処理しました
350000件  処理しました
355000件  処理しました
360000件  処理しました
365000件  処理しました
370000件  処理しました
375000件  処理しました
380000件  処理しました
385000件  処理しました
390000件  処理しました
395000件  処理しました
400000件  処理しました
405000件  処理しました
410000件  処理しました
415000件  処理しました
420000件  処理しました
425000件  処理しました
430000件  処理しました
435000件  処理しました
440000件  処理しました
445000件  処理しました
450000件  処理しました
455000件  処理しました
460000件  処理しました
465000件  処理しました
470000件  処理しました
475000件  処理しました
480000件  処理しました
485000件  処理しました
490000件  処理しました
495000件  処理しました
500000件  処理しました
505000件  処理しました
510000件  処理しました
515000件  処理しました
520000件  処理しました
525000件  処理しました
530000件  処理しました
535000件  処理しました
540000件  処理しました
545000件  処理しました
550000件  処理しました
555000件  処理しました
560000件  処理しました
565000件  処理しました
570000件  処理しました
575000件  処理しました
580000件  処理しました
585000件  処理しました
590000件  処理しました
595000件  処理しました
600000件  処理しました
605000件  処理しました
610000件  処理しました
615000件  処理しました
620000件  処理しました
625000件  処理しました
630000件  処理しました
635000件  処理しました
640000件  処理しました
645000件  処理しました
650000件  処理しました
655000件  処理しました
660000件  処理しました
665000件  処理しました
670000件  処理しました
675000件  処理しました
680000件  処理しました
685000件  処理しました
690000件  処理しました
695000件  処理しました
700000件  処理しました
705000件  処理しました
710000件  処理しました
715000件  処理しました
720000件  処理しました
725000件  処理しました
730000件  処理しました
735000件  処理しました
740000件  処理しました
745000件  処理しました
750000件  処理しました
755000件  処理しました
760000件  処理しました
765000件  処理しました
770000件  処理しました
775000件  処理しました
780000件  処理しました
785000件  処理しました
790000件  処理しました
795000件  処理しました
800000件  処理しました
805000件  処理しました
810000件  処理しました
815000件  処理しました
820000件  処理しました
825000件  処理しました
830000件  処理しました
835000件  処理しました
840000件  処理しました
845000件  処理しました
850000件  処理しました
855000件  処理しました
860000件  処理しました
865000件  処理しました
870000件  処理しました
875000件  処理しました
880000件  処理しました
885000件  処理しました
890000件  処理しました
895000件  処理しました
900000件  処理しました
905000件  処理しました
910000件  処理しました
915000件  処理しました
920000件  処理しました
925000件  処理しました
930000件  処理しました
935000件  処理しました
940000件  処理しました
945000件  処理しました
950000件  処理しました
955000件  処理しました
960000件  処理しました
965000件  処理しました
970000件  処理しました
975000件  処理しました
980000件  処理しました
985000件  処理しました
990000件  処理しました
995000件  処理しました
1000000件  処理しました
1005000件  処理しました
1010000件  処理しました
1015000件  処理しました
1020000件  処理しました
1025000件  処理しました
1030000件  処理しました
1035000件  処理しました
1040000件  処理しました
1045000件  処理しました
1050000件  処理しました
1055000件  処理しました
1060000件  処理しました
1065000件  処理しました
1070000件  処理しました
1075000件  処理しました
1080000件  処理しました
1085000件  処理しました
1090000件  処理しました
1095000件  処理しました
1100000件  処理しました
1105000件  処理しました
1110000件  処理しました
1115000件  処理しました
1120000件  処理しました
1125000件  処理しました
1130000件  処理しました
1135000件  処理しました
1140000件  処理しました
1145000件  処理しました
1150000件  処理しました
1155000件  処理しました
1160000件  処理しました
1165000件  処理しました
1170000件  処理しました
1175000件  処理しました
1180000件  処理しました
1185000件  処理しました
1190000件  処理しました
1195000件  処理しました
1200000件  処理しました
1205000件  処理しました
1210000件  処理しました
1215000件  処理しました
1220000件  処理しました
1225000件  処理しました
1230000件  処理しました
1235000件  処理しました
1240000件  処理しました
1245000件  処理しました
1250000件  処理しました
1255000件  処理しました
1260000件  処理しました
1265000件  処理しました
1270000件  処理しました
1275000件  処理しました
1280000件  処理しました
1285000件  処理しました
1290000件  処理しました
1295000件  処理しました
1300000件  処理しました
1305000件  処理しました
1310000件  処理しました
1315000件  処理しました
1320000件  処理しました
1325000件  処理しました
1330000件  処理しました
1335000件  処理しました
1340000件  処理しました
1345000件  処理しました
1350000件  処理しました
1355000件  処理しました
1360000件  処理しました
1365000件  処理しました
1370000件  処理しました
1375000件  処理しました
1380000件  処理しました
1385000件  処理しました
1390000件  処理しました
1395000件  処理しました
1400000件  処理しました
1405000件  処理しました
1410000件  処理しました
1415000件  処理しました
1420000件  処理しました
1425000件  処理しました
1430000件  処理しました
1435000件  処理しました
1440000件  処理しました
1445000件  処理しました
1450000件  処理しました
1455000件  処理しました
1460000件  処理しました
1465000件  処理しました
1470000件  処理しました
1475000件  処理しました
1480000件  処理しました
1485000件  処理しました
1490000件  処理しました
1495000件  処理しました
1500000件  処理しました
1505000件  処理しました
1510000件  処理しました
1515000件  処理しました
1520000件  処理しました
1525000件  処理しました
1530000件  処理しました
1535000件  処理しました
1540000件  処理しました
1545000件  処理しました
1550000件  処理しました
1555000件  処理しました
1560000件  処理しました
1565000件  処理しました
1570000件  処理しました
1575000件  処理しました
1580000件  処理しました
1585000件  処理しました
1590000件  処理しました
1595000件  処理しました
1600000件  処理しました

ファイルの形式     =[C:カンマ区切り]

入力件数           =[1602623 件]
正常出力件数       =[1602623 件]
エラー出力件数     =[0 件]

[ HitokuDriver Version 2.5.0 ] ENDED   AT (Tue Mar 05 03:12:02 JST 2019)


[ HitokuDriver Version 2.5.0 ] STARTED AT (Tue Mar 05 03:12:02 JST 2019)


ファイルの形式     =[C:カンマ区切り]

入力件数           =[3 件]
正常出力件数       =[3 件]
エラー出力件数     =[0 件]

[ HitokuDriver Version 2.5.0 ] ENDED   AT (Tue Mar 05 03:12:03 JST 2019)


[ HitokuDriver Version 2.5.0 ] STARTED AT (Tue Mar 05 03:12:03 JST 2019)

5000件  処理しました
10000件  処理しました
15000件  処理しました
20000件  処理しました
25000件  処理しました
30000件  処理しました
35000件  処理しました
40000件  処理しました
45000件  処理しました
50000件  処理しました
55000件  処理しました
60000件  処理しました
65000件  処理しました
70000件  処理しました
75000件  処理しました
80000件  処理しました
85000件  処理しました
90000件  処理しました
95000件  処理しました
100000件  処理しました
105000件  処理しました
110000件  処理しました
115000件  処理しました
120000件  処理しました
125000件  処理しました
130000件  処理しました
135000件  処理しました
140000件  処理しました
145000件  処理しました
150000件  処理しました
155000件  処理しました
160000件  処理しました
165000件  処理しました
170000件  処理しました
175000件  処理しました
180000件  処理しました
185000件  処理しました
190000件  処理しました
195000件  処理しました
200000件  処理しました
205000件  処理しました
210000件  処理しました
215000件  処理しました
220000件  処理しました
225000件  処理しました
230000件  処理しました
235000件  処理しました
240000件  処理しました
245000件  処理しました
250000件  処理しました
255000件  処理しました
260000件  処理しました
265000件  処理しました
270000件  処理しました
275000件  処理しました
280000件  処理しました
285000件  処理しました
290000件  処理しました
295000件  処理しました
300000件  処理しました
305000件  処理しました
310000件  処理しました
315000件  処理しました
320000件  処理しました
325000件  処理しました
330000件  処理しました
335000件  処理しました
340000件  処理しました
345000件  処理しました
350000件  処理しました
355000件  処理しました
360000件  処理しました
365000件  処理しました
370000件  処理しました
375000件  処理しました
380000件  処理しました
385000件  処理しました
390000件  処理しました
395000件  処理しました
400000件  処理しました
405000件  処理しました
410000件  処理しました
415000件  処理しました
420000件  処理しました
425000件  処理しました
430000件  処理しました
435000件  処理しました
440000件  処理しました
445000件  処理しました
450000件  処理しました
455000件  処理しました
460000件  処理しました
465000件  処理しました
470000件  処理しました
475000件  処理しました
480000件  処理しました
485000件  処理しました
490000件  処理しました
495000件  処理しました
500000件  処理しました
505000件  処理しました
510000件  処理しました
515000件  処理しました
520000件  処理しました
525000件  処理しました
530000件  処理しました
535000件  処理しました
540000件  処理しました
545000件  処理しました
550000件  処理しました
555000件  処理しました
560000件  処理しました
565000件  処理しました
570000件  処理しました
575000件  処理しました
580000件  処理しました
585000件  処理しました
590000件  処理しました
595000件  処理しました
600000件  処理しました
605000件  処理しました
610000件  処理しました
615000件  処理しました
620000件  処理しました
625000件  処理しました
630000件  処理しました
635000件  処理しました
640000件  処理しました
645000件  処理しました
650000件  処理しました
655000件  処理しました
660000件  処理しました
665000件  処理しました
670000件  処理しました
675000件  処理しました
680000件  処理しました
685000件  処理しました
690000件  処理しました
695000件  処理しました
700000件  処理しました
705000件  処理しました
710000件  処理しました
715000件  処理しました
720000件  処理しました
725000件  処理しました
730000件  処理しました
735000件  処理しました
740000件  処理しました
745000件  処理しました
750000件  処理しました
755000件  処理しました
760000件  処理しました
765000件  処理しました
770000件  処理しました
775000件  処理しました
780000件  処理しました
785000件  処理しました
790000件  処理しました
795000件  処理しました
800000件  処理しました
805000件  処理しました
810000件  処理しました
815000件  処理しました
820000件  処理しました
825000件  処理しました
830000件  処理しました
835000件  処理しました
840000件  処理しました
845000件  処理しました
850000件  処理しました
855000件  処理しました
860000件  処理しました
865000件  処理しました
870000件  処理しました
875000件  処理しました
880000件  処理しました
885000件  処理しました
890000件  処理しました
895000件  処理しました
900000件  処理しました
905000件  処理しました
910000件  処理しました
915000件  処理しました
920000件  処理しました
925000件  処理しました
930000件  処理しました
935000件  処理しました
940000件  処理しました
945000件  処理しました
950000件  処理しました
955000件  処理しました
960000件  処理しました
965000件  処理しました
970000件  処理しました
975000件  処理しました
980000件  処理しました
985000件  処理しました
990000件  処理しました
995000件  処理しました
1000000件  処理しました
1005000件  処理しました
1010000件  処理しました
1015000件  処理しました
1020000件  処理しました
1025000件  処理しました
1030000件  処理しました
1035000件  処理しました
1040000件  処理しました
1045000件  処理しました
1050000件  処理しました
1055000件  処理しました
1060000件  処理しました
1065000件  処理しました
1070000件  処理しました
1075000件  処理しました
1080000件  処理しました
1085000件  処理しました
1090000件  処理しました
1095000件  処理しました
1100000件  処理しました
1105000件  処理しました

ファイルの形式     =[C:カンマ区切り]

入力件数           =[1109422 件]
正常出力件数       =[1109422 件]
エラー出力件数     =[0 件]

[ HitokuDriver Version 2.5.0 ] ENDED   AT (Tue Mar 05 03:12:32 JST 2019)


[ HitokuDriver Version 2.5.0 ] STARTED AT (Tue Mar 05 03:12:33 JST 2019)

5000件  処理しました
10000件  処理しました
15000件  処理しました
20000件  処理しました
25000件  処理しました
30000件  処理しました
35000件  処理しました
40000件  処理しました
45000件  処理しました
50000件  処理しました
55000件  処理しました
60000件  処理しました
65000件  処理しました
70000件  処理しました
75000件  処理しました
80000件  処理しました
85000件  処理しました
90000件  処理しました
95000件  処理しました
100000件  処理しました
105000件  処理しました
110000件  処理しました
115000件  処理しました
120000件  処理しました
125000件  処理しました
130000件  処理しました
135000件  処理しました
140000件  処理しました
145000件  処理しました
150000件  処理しました
155000件  処理しました
160000件  処理しました
165000件  処理しました
170000件  処理しました
175000件  処理しました
180000件  処理しました
185000件  処理しました
190000件  処理しました
195000件  処理しました
200000件  処理しました
205000件  処理しました
210000件  処理しました
215000件  処理しました
220000件  処理しました
225000件  処理しました
230000件  処理しました
235000件  処理しました
240000件  処理しました
245000件  処理しました
250000件  処理しました

ファイルの形式     =[C:カンマ区切り]

入力件数           =[254372 件]
正常出力件数       =[254372 件]
エラー出力件数     =[0 件]

[ HitokuDriver Version 2.5.0 ] ENDED   AT (Tue Mar 05 03:13:37 JST 2019)


[ HitokuDriver Version 2.5.0 ] STARTED AT (Tue Mar 05 03:13:37 JST 2019)

5000件  処理しました
10000件  処理しました
15000件  処理しました
20000件  処理しました
25000件  処理しました
30000件  処理しました
35000件  処理しました
40000件  処理しました
45000件  処理しました
50000件  処理しました
55000件  処理しました
60000件  処理しました
65000件  処理しました
70000件  処理しました
75000件  処理しました
80000件  処理しました
85000件  処理しました
90000件  処理しました
95000件  処理しました
100000件  処理しました
105000件  処理しました
110000件  処理しました
115000件  処理しました
120000件  処理しました
125000件  処理しました
130000件  処理しました
135000件  処理しました
140000件  処理しました
145000件  処理しました
150000件  処理しました
155000件  処理しました
160000件  処理しました
165000件  処理しました
170000件  処理しました
175000件  処理しました
180000件  処理しました
185000件  処理しました
190000件  処理しました
195000件  処理しました
200000件  処理しました
205000件  処理しました
210000件  処理しました
215000件  処理しました
220000件  処理しました
225000件  処理しました
230000件  処理しました
235000件  処理しました
240000件  処理しました
245000件  処理しました
250000件  処理しました
255000件  処理しました
260000件  処理しました
265000件  処理しました
270000件  処理しました
275000件  処理しました
280000件  処理しました
285000件  処理しました
290000件  処理しました
295000件  処理しました
300000件  処理しました
305000件  処理しました
310000件  処理しました
315000件  処理しました
320000件  処理しました
325000件  処理しました
330000件  処理しました
335000件  処理しました
340000件  処理しました
345000件  処理しました
350000件  処理しました
355000件  処理しました
360000件  処理しました
365000件  処理しました
370000件  処理しました
375000件  処理しました
380000件  処理しました
385000件  処理しました
390000件  処理しました
395000件  処理しました
400000件  処理しました
405000件  処理しました
410000件  処理しました
415000件  処理しました
420000件  処理しました
425000件  処理しました
430000件  処理しました
435000件  処理しました
440000件  処理しました
445000件  処理しました
450000件  処理しました
455000件  処理しました
460000件  処理しました
465000件  処理しました
470000件  処理しました
475000件  処理しました
480000件  処理しました
485000件  処理しました
490000件  処理しました
495000件  処理しました
500000件  処理しました
505000件  処理しました
510000件  処理しました
515000件  処理しました
520000件  処理しました
525000件  処理しました
530000件  処理しました
535000件  処理しました
540000件  処理しました
545000件  処理しました
550000件  処理しました
555000件  処理しました
560000件  処理しました
565000件  処理しました
570000件  処理しました
575000件  処理しました
580000件  処理しました
585000件  処理しました
590000件  処理しました
595000件  処理しました
600000件  処理しました
605000件  処理しました
610000件  処理しました
615000件  処理しました
620000件  処理しました
625000件  処理しました
630000件  処理しました
635000件  処理しました
640000件  処理しました
645000件  処理しました
650000件  処理しました
655000件  処理しました
660000件  処理しました
665000件  処理しました
670000件  処理しました
675000件  処理しました
680000件  処理しました
685000件  処理しました
690000件  処理しました
695000件  処理しました
700000件  処理しました
705000件  処理しました
710000件  処理しました
715000件  処理しました
720000件  処理しました
725000件  処理しました
730000件  処理しました
735000件  処理しました
740000件  処理しました
745000件  処理しました
750000件  処理しました
755000件  処理しました
760000件  処理しました
765000件  処理しました
770000件  処理しました
775000件  処理しました
780000件  処理しました
785000件  処理しました
790000件  処理しました
795000件  処理しました
800000件  処理しました
805000件  処理しました
810000件  処理しました
815000件  処理しました
820000件  処理しました
825000件  処理しました
830000件  処理しました
835000件  処理しました
840000件  処理しました
845000件  処理しました
850000件  処理しました
855000件  処理しました
860000件  処理しました
865000件  処理しました
870000件  処理しました
875000件  処理しました
880000件  処理しました
885000件  処理しました
890000件  処理しました
895000件  処理しました
900000件  処理しました
905000件  処理しました
910000件  処理しました
915000件  処理しました
920000件  処理しました
925000件  処理しました
930000件  処理しました
935000件  処理しました
940000件  処理しました
945000件  処理しました
950000件  処理しました
955000件  処理しました
960000件  処理しました
965000件  処理しました
970000件  処理しました
975000件  処理しました
980000件  処理しました
985000件  処理しました
990000件  処理しました
995000件  処理しました
1000000件  処理しました
1005000件  処理しました
1010000件  処理しました
1015000件  処理しました
1020000件  処理しました
1025000件  処理しました
1030000件  処理しました
1035000件  処理しました
1040000件  処理しました
1045000件  処理しました
1050000件  処理しました
1055000件  処理しました
1060000件  処理しました
1065000件  処理しました
1070000件  処理しました
1075000件  処理しました
1080000件  処理しました
1085000件  処理しました
1090000件  処理しました
1095000件  処理しました
1100000件  処理しました
1105000件  処理しました
1110000件  処理しました
1115000件  処理しました
1120000件  処理しました
1125000件  処理しました
1130000件  処理しました
1135000件  処理しました
1140000件  処理しました
1145000件  処理しました
1150000件  処理しました
1155000件  処理しました
1160000件  処理しました
1165000件  処理しました
1170000件  処理しました
1175000件  処理しました
1180000件  処理しました
1185000件  処理しました
1190000件  処理しました
1195000件  処理しました
1200000件  処理しました
1205000件  処理しました
1210000件  処理しました
1215000件  処理しました
1220000件  処理しました
1225000件  処理しました
1230000件  処理しました
1235000件  処理しました
1240000件  処理しました
1245000件  処理しました
1250000件  処理しました
1255000件  処理しました
1260000件  処理しました
1265000件  処理しました
1270000件  処理しました
1275000件  処理しました
1280000件  処理しました
1285000件  処理しました
1290000件  処理しました
1295000件  処理しました
1300000件  処理しました

ファイルの形式     =[C:カンマ区切り]

入力件数           =[1304953 件]
正常出力件数       =[1304953 件]
エラー出力件数     =[0 件]

[ HitokuDriver Version 2.5.0 ] ENDED   AT (Tue Mar 05 03:48:40 JST 2019)


[ HitokuDriver Version 2.5.0 ] STARTED AT (Tue Mar 05 03:48:42 JST 2019)

5000件  処理しました
10000件  処理しました
15000件  処理しました
20000件  処理しました
25000件  処理しました
30000件  処理しました
35000件  処理しました
40000件  処理しました
45000件  処理しました
50000件  処理しました
55000件  処理しました
60000件  処理しました
65000件  処理しました
70000件  処理しました
75000件  処理しました
80000件  処理しました
85000件  処理しました
90000件  処理しました
95000件  処理しました
100000件  処理しました
105000件  処理しました
110000件  処理しました
115000件  処理しました
120000件  処理しました
125000件  処理しました
130000件  処理しました
135000件  処理しました
140000件  処理しました
145000件  処理しました
150000件  処理しました
155000件  処理しました
160000件  処理しました
165000件  処理しました
170000件  処理しました
175000件  処理しました
180000件  処理しました
185000件  処理しました
190000件  処理しました
195000件  処理しました
200000件  処理しました
205000件  処理しました
210000件  処理しました
215000件  処理しました
220000件  処理しました
225000件  処理しました
230000件  処理しました
235000件  処理しました
240000件  処理しました
245000件  処理しました
250000件  処理しました
255000件  処理しました
260000件  処理しました
265000件  処理しました
270000件  処理しました
275000件  処理しました
280000件  処理しました
285000件  処理しました
290000件  処理しました
295000件  処理しました
300000件  処理しました
305000件  処理しました
310000件  処理しました
315000件  処理しました
320000件  処理しました
325000件  処理しました
330000件  処理しました
335000件  処理しました
340000件  処理しました
345000件  処理しました
350000件  処理しました
355000件  処理しました
360000件  処理しました
365000件  処理しました
370000件  処理しました
375000件  処理しました
380000件  処理しました
385000件  処理しました
390000件  処理しました
395000件  処理しました
400000件  処理しました
405000件  処理しました
410000件  処理しました
415000件  処理しました
420000件  処理しました
425000件  処理しました
430000件  処理しました
435000件  処理しました
440000件  処理しました
445000件  処理しました
450000件  処理しました
455000件  処理しました
460000件  処理しました
465000件  処理しました
470000件  処理しました
475000件  処理しました
480000件  処理しました
485000件  処理しました
490000件  処理しました
495000件  処理しました
500000件  処理しました
505000件  処理しました
510000件  処理しました
515000件  処理しました
520000件  処理しました
525000件  処理しました
530000件  処理しました
535000件  処理しました
540000件  処理しました
545000件  処理しました
550000件  処理しました
555000件  処理しました
560000件  処理しました
565000件  処理しました
570000件  処理しました
575000件  処理しました
580000件  処理しました
585000件  処理しました
590000件  処理しました
595000件  処理しました
600000件  処理しました
605000件  処理しました
610000件  処理しました
615000件  処理しました
620000件  処理しました
625000件  処理しました
630000件  処理しました
635000件  処理しました
640000件  処理しました
645000件  処理しました
650000件  処理しました
655000件  処理しました
660000件  処理しました
665000件  処理しました
670000件  処理しました
675000件  処理しました
680000件  処理しました
685000件  処理しました
690000件  処理しました
695000件  処理しました
700000件  処理しました
705000件  処理しました
710000件  処理しました
715000件  処理しました
720000件  処理しました
725000件  処理しました
730000件  処理しました
735000件  処理しました
740000件  処理しました
745000件  処理しました
750000件  処理しました
755000件  処理しました
760000件  処理しました
765000件  処理しました
770000件  処理しました
775000件  処理しました
780000件  処理しました
785000件  処理しました
790000件  処理しました
795000件  処理しました
800000件  処理しました
805000件  処理しました
810000件  処理しました
815000件  処理しました
820000件  処理しました

ファイルの形式     =[C:カンマ区切り]

入力件数           =[822290 件]
正常出力件数       =[822290 件]
エラー出力件数     =[0 件]

[ HitokuDriver Version 2.5.0 ] ENDED   AT (Tue Mar 05 03:49:04 JST 2019)


[ HitokuDriver Version 2.5.0 ] STARTED AT (Tue Mar 05 03:49:04 JST 2019)

5000件  処理しました
10000件  処理しました
15000件  処理しました
20000件  処理しました
25000件  処理しました
30000件  処理しました
35000件  処理しました
40000件  処理しました
45000件  処理しました
50000件  処理しました
55000件  処理しました
60000件  処理しました
65000件  処理しました
70000件  処理しました
75000件  処理しました
80000件  処理しました
85000件  処理しました
90000件  処理しました
95000件  処理しました
100000件  処理しました
105000件  処理しました
110000件  処理しました
115000件  処理しました
120000件  処理しました
125000件  処理しました
130000件  処理しました
135000件  処理しました
140000件  処理しました
145000件  処理しました
150000件  処理しました
155000件  処理しました
160000件  処理しました
165000件  処理しました
170000件  処理しました
175000件  処理しました
180000件  処理しました
185000件  処理しました
190000件  処理しました
195000件  処理しました
200000件  処理しました
205000件  処理しました
210000件  処理しました
215000件  処理しました
220000件  処理しました
225000件  処理しました
230000件  処理しました
235000件  処理しました
240000件  処理しました
245000件  処理しました
250000件  処理しました
255000件  処理しました
260000件  処理しました
265000件  処理しました
270000件  処理しました
275000件  処理しました
280000件  処理しました
285000件  処理しました
290000件  処理しました
295000件  処理しました
300000件  処理しました
305000件  処理しました
310000件  処理しました
315000件  処理しました
320000件  処理しました
325000件  処理しました
330000件  処理しました
335000件  処理しました
340000件  処理しました
345000件  処理しました
350000件  処理しました
355000件  処理しました
360000件  処理しました
365000件  処理しました
370000件  処理しました
375000件  処理しました
380000件  処理しました
385000件  処理しました
390000件  処理しました
395000件  処理しました
400000件  処理しました
405000件  処理しました
410000件  処理しました
415000件  処理しました
420000件  処理しました
425000件  処理しました
430000件  処理しました
435000件  処理しました
440000件  処理しました
445000件  処理しました
450000件  処理しました
455000件  処理しました
460000件  処理しました
465000件  処理しました
470000件  処理しました
475000件  処理しました
480000件  処理しました
485000件  処理しました
490000件  処理しました
495000件  処理しました
500000件  処理しました
505000件  処理しました
510000件  処理しました
515000件  処理しました
520000件  処理しました
525000件  処理しました
530000件  処理しました
535000件  処理しました
540000件  処理しました
545000件  処理しました
550000件  処理しました
555000件  処理しました
560000件  処理しました
565000件  処理しました
570000件  処理しました
575000件  処理しました
580000件  処理しました
585000件  処理しました
590000件  処理しました
595000件  処理しました
600000件  処理しました
605000件  処理しました
610000件  処理しました
615000件  処理しました
620000件  処理しました
625000件  処理しました
630000件  処理しました
635000件  処理しました
640000件  処理しました
645000件  処理しました
650000件  処理しました
655000件  処理しました
660000件  処理しました
665000件  処理しました
670000件  処理しました
675000件  処理しました
680000件  処理しました
685000件  処理しました
690000件  処理しました
695000件  処理しました
700000件  処理しました
705000件  処理しました
710000件  処理しました
715000件  処理しました
720000件  処理しました
725000件  処理しました
730000件  処理しました
735000件  処理しました
740000件  処理しました
745000件  処理しました
750000件  処理しました
755000件  処理しました
760000件  処理しました
765000件  処理しました
770000件  処理しました
775000件  処理しました
780000件  処理しました
785000件  処理しました
790000件  処理しました
795000件  処理しました
800000件  処理しました
805000件  処理しました
810000件  処理しました
815000件  処理しました
820000件  処理しました
825000件  処理しました
830000件  処理しました
835000件  処理しました
840000件  処理しました
845000件  処理しました
850000件  処理しました
855000件  処理しました
860000件  処理しました
865000件  処理しました
870000件  処理しました
875000件  処理しました
880000件  処理しました
885000件  処理しました
890000件  処理しました
895000件  処理しました
900000件  処理しました
905000件  処理しました
910000件  処理しました
915000件  処理しました
920000件  処理しました
925000件  処理しました
930000件  処理しました
935000件  処理しました
940000件  処理しました
945000件  処理しました
950000件  処理しました
955000件  処理しました
960000件  処理しました
965000件  処理しました
970000件  処理しました
975000件  処理しました
980000件  処理しました
985000件  処理しました
990000件  処理しました
995000件  処理しました
1000000件  処理しました
1005000件  処理しました
1010000件  処理しました
1015000件  処理しました
1020000件  処理しました
1025000件  処理しました
1030000件  処理しました
1035000件  処理しました
1040000件  処理しました
1045000件  処理しました
1050000件  処理しました
1055000件  処理しました
1060000件  処理しました
1065000件  処理しました
1070000件  処理しました
1075000件  処理しました
1080000件  処理しました
1085000件  処理しました
1090000件  処理しました
1095000件  処理しました
1100000件  処理しました

ファイルの形式     =[C:カンマ区切り]

入力件数           =[1102866 件]
正常出力件数       =[1102866 件]
エラー出力件数     =[0 件]

[ HitokuDriver Version 2.5.0 ] ENDED   AT (Tue Mar 05 03:49:59 JST 2019)


[ HitokuDriver Version 2.5.0 ] STARTED AT (Tue Mar 05 03:49:59 JST 2019)


ファイルの形式     =[C:カンマ区切り]

入力件数           =[157 件]
正常出力件数       =[157 件]
エラー出力件数     =[0 件]

[ HitokuDriver Version 2.5.0 ] ENDED   AT (Tue Mar 05 03:50:05 JST 2019)


[ HitokuDriver Version 2.5.0 ] STARTED AT (Tue Mar 05 03:50:06 JST 2019)

5000件  処理しました
10000件  処理しました
15000件  処理しました
20000件  処理しました
25000件  処理しました
30000件  処理しました
35000件  処理しました
40000件  処理しました
45000件  処理しました
50000件  処理しました
55000件  処理しました
60000件  処理しました
65000件  処理しました
70000件  処理しました
75000件  処理しました
80000件  処理しました
85000件  処理しました
90000件  処理しました
95000件  処理しました
100000件  処理しました
105000件  処理しました
110000件  処理しました
115000件  処理しました
120000件  処理しました
125000件  処理しました
130000件  処理しました
135000件  処理しました
140000件  処理しました
145000件  処理しました
150000件  処理しました
155000件  処理しました
160000件  処理しました
165000件  処理しました
170000件  処理しました
175000件  処理しました
180000件  処理しました
185000件  処理しました
190000件  処理しました
195000件  処理しました
200000件  処理しました
205000件  処理しました
210000件  処理しました
215000件  処理しました
220000件  処理しました
225000件  処理しました
230000件  処理しました
235000件  処理しました
240000件  処理しました
245000件  処理しました
250000件  処理しました
255000件  処理しました
260000件  処理しました
265000件  処理しました
270000件  処理しました
275000件  処理しました
280000件  処理しました
285000件  処理しました
290000件  処理しました
295000件  処理しました
300000件  処理しました
305000件  処理しました
310000件  処理しました
315000件  処理しました
320000件  処理しました
325000件  処理しました
330000件  処理しました
335000件  処理しました
340000件  処理しました
345000件  処理しました
350000件  処理しました
355000件  処理しました
360000件  処理しました
365000件  処理しました
370000件  処理しました
375000件  処理しました
380000件  処理しました
385000件  処理しました
390000件  処理しました
395000件  処理しました
400000件  処理しました
405000件  処理しました
410000件  処理しました
415000件  処理しました
420000件  処理しました
425000件  処理しました
430000件  処理しました
435000件  処理しました
440000件  処理しました
445000件  処理しました
450000件  処理しました
455000件  処理しました
460000件  処理しました
465000件  処理しました
470000件  処理しました
475000件  処理しました
480000件  処理しました
485000件  処理しました
490000件  処理しました
495000件  処理しました
500000件  処理しました
505000件  処理しました
510000件  処理しました
515000件  処理しました
520000件  処理しました
525000件  処理しました
530000件  処理しました
535000件  処理しました
540000件  処理しました
545000件  処理しました
550000件  処理しました
555000件  処理しました
560000件  処理しました
565000件  処理しました
570000件  処理しました
575000件  処理しました
580000件  処理しました
585000件  処理しました
590000件  処理しました
595000件  処理しました
600000件  処理しました
605000件  処理しました
610000件  処理しました
615000件  処理しました
620000件  処理しました
625000件  処理しました
630000件  処理しました
635000件  処理しました
640000件  処理しました
645000件  処理しました
650000件  処理しました
655000件  処理しました
660000件  処理しました
665000件  処理しました
670000件  処理しました
675000件  処理しました
680000件  処理しました
685000件  処理しました
690000件  処理しました
695000件  処理しました
700000件  処理しました
705000件  処理しました
710000件  処理しました
715000件  処理しました
720000件  処理しました
725000件  処理しました
730000件  処理しました
735000件  処理しました
740000件  処理しました
745000件  処理しました
750000件  処理しました
755000件  処理しました
760000件  処理しました
765000件  処理しました
770000件  処理しました
775000件  処理しました
780000件  処理しました
785000件  処理しました
790000件  処理しました
795000件  処理しました
800000件  処理しました
805000件  処理しました
810000件  処理しました
815000件  処理しました
820000件  処理しました
825000件  処理しました
830000件  処理しました
835000件  処理しました
840000件  処理しました
845000件  処理しました
850000件  処理しました
855000件  処理しました
860000件  処理しました
865000件  処理しました
870000件  処理しました
875000件  処理しました
880000件  処理しました
885000件  処理しました
890000件  処理しました
895000件  処理しました
900000件  処理しました
905000件  処理しました
910000件  処理しました
915000件  処理しました
920000件  処理しました
925000件  処理しました
930000件  処理しました
935000件  処理しました
940000件  処理しました
945000件  処理しました
950000件  処理しました
955000件  処理しました
960000件  処理しました
965000件  処理しました
970000件  処理しました
975000件  処理しました
980000件  処理しました
985000件  処理しました
990000件  処理しました
995000件  処理しました
1000000件  処理しました
1005000件  処理しました
1010000件  処理しました
1015000件  処理しました
1020000件  処理しました
1025000件  処理しました
1030000件  処理しました
1035000件  処理しました
1040000件  処理しました
1045000件  処理しました
1050000件  処理しました
1055000件  処理しました
1060000件  処理しました
1065000件  処理しました
1070000件  処理しました
1075000件  処理しました
1080000件  処理しました
1085000件  処理しました
1090000件  処理しました
1095000件  処理しました
1100000件  処理しました
1105000件  処理しました
1110000件  処理しました

ファイルの形式     =[C:カンマ区切り]

入力件数           =[1110588 件]
正常出力件数       =[1110588 件]
エラー出力件数     =[0 件]

[ HitokuDriver Version 2.5.0 ] ENDED   AT (Tue Mar 05 03:50:12 JST 2019)


[ HitokuDriver Version 2.5.0 ] STARTED AT (Tue Mar 05 03:50:12 JST 2019)

5000件  処理しました
10000件  処理しました
15000件  処理しました
20000件  処理しました
25000件  処理しました
30000件  処理しました
35000件  処理しました
40000件  処理しました
45000件  処理しました
50000件  処理しました
55000件  処理しました
60000件  処理しました
65000件  処理しました
70000件  処理しました
75000件  処理しました
80000件  処理しました
85000件  処理しました
90000件  処理しました
95000件  処理しました
100000件  処理しました
105000件  処理しました
110000件  処理しました
115000件  処理しました
120000件  処理しました
125000件  処理しました
130000件  処理しました
135000件  処理しました
140000件  処理しました
145000件  処理しました
150000件  処理しました
155000件  処理しました
160000件  処理しました
165000件  処理しました
170000件  処理しました
175000件  処理しました
180000件  処理しました
185000件  処理しました
190000件  処理しました
195000件  処理しました
200000件  処理しました
205000件  処理しました
210000件  処理しました
215000件  処理しました
220000件  処理しました
225000件  処理しました
230000件  処理しました
235000件  処理しました
240000件  処理しました
245000件  処理しました
250000件  処理しました
255000件  処理しました
260000件  処理しました
265000件  処理しました
270000件  処理しました
275000件  処理しました
280000件  処理しました
285000件  処理しました
290000件  処理しました
295000件  処理しました
300000件  処理しました
305000件  処理しました
310000件  処理しました
315000件  処理しました
320000件  処理しました
325000件  処理しました
330000件  処理しました
335000件  処理しました
340000件  処理しました
345000件  処理しました
350000件  処理しました
355000件  処理しました
360000件  処理しました
365000件  処理しました
370000件  処理しました
375000件  処理しました
380000件  処理しました
385000件  処理しました
390000件  処理しました
395000件  処理しました
400000件  処理しました
405000件  処理しました
410000件  処理しました
415000件  処理しました
420000件  処理しました
425000件  処理しました
430000件  処理しました
435000件  処理しました
440000件  処理しました
445000件  処理しました
450000件  処理しました
455000件  処理しました
460000件  処理しました
465000件  処理しました
470000件  処理しました
475000件  処理しました
480000件  処理しました
485000件  処理しました
490000件  処理しました
495000件  処理しました
500000件  処理しました
505000件  処理しました
510000件  処理しました
515000件  処理しました
520000件  処理しました
525000件  処理しました
530000件  処理しました
535000件  処理しました
540000件  処理しました
545000件  処理しました
550000件  処理しました
555000件  処理しました
560000件  処理しました
565000件  処理しました
570000件  処理しました
575000件  処理しました
580000件  処理しました
585000件  処理しました
590000件  処理しました
595000件  処理しました
600000件  処理しました
605000件  処理しました
610000件  処理しました
615000件  処理しました
620000件  処理しました
625000件  処理しました
630000件  処理しました
635000件  処理しました
640000件  処理しました
645000件  処理しました
650000件  処理しました
655000件  処理しました
660000件  処理しました
665000件  処理しました
670000件  処理しました
675000件  処理しました
680000件  処理しました
685000件  処理しました
690000件  処理しました
695000件  処理しました
700000件  処理しました
705000件  処理しました
710000件  処理しました
715000件  処理しました
720000件  処理しました
725000件  処理しました
730000件  処理しました
735000件  処理しました
740000件  処理しました
745000件  処理しました
750000件  処理しました
755000件  処理しました
760000件  処理しました
765000件  処理しました
770000件  処理しました
775000件  処理しました
780000件  処理しました
785000件  処理しました
790000件  処理しました
795000件  処理しました
800000件  処理しました
805000件  処理しました
810000件  処理しました
815000件  処理しました
820000件  処理しました
825000件  処理しました
830000件  処理しました
835000件  処理しました
840000件  処理しました
845000件  処理しました
850000件  処理しました
855000件  処理しました
860000件  処理しました
865000件  処理しました
870000件  処理しました
875000件  処理しました
880000件  処理しました
885000件  処理しました
890000件  処理しました
895000件  処理しました
900000件  処理しました
905000件  処理しました
910000件  処理しました
915000件  処理しました
920000件  処理しました
925000件  処理しました
930000件  処理しました
935000件  処理しました
940000件  処理しました
945000件  処理しました
950000件  処理しました
955000件  処理しました
960000件  処理しました
965000件  処理しました
970000件  処理しました
975000件  処理しました
980000件  処理しました
985000件  処理しました
990000件  処理しました
995000件  処理しました
1000000件  処理しました
1005000件  処理しました
1010000件  処理しました
1015000件  処理しました
1020000件  処理しました
1025000件  処理しました
1030000件  処理しました
1035000件  処理しました
1040000件  処理しました
1045000件  処理しました
1050000件  処理しました
1055000件  処理しました
1060000件  処理しました
1065000件  処理しました
1070000件  処理しました
1075000件  処理しました
1080000件  処理しました
1085000件  処理しました
1090000件  処理しました
1095000件  処理しました
1100000件  処理しました
1105000件  処理しました
1110000件  処理しました
1115000件  処理しました
1120000件  処理しました
1125000件  処理しました
1130000件  処理しました
1135000件  処理しました
1140000件  処理しました
1145000件  処理しました
1150000件  処理しました
1155000件  処理しました
1160000件  処理しました
1165000件  処理しました
1170000件  処理しました
1175000件  処理しました
1180000件  処理しました
1185000件  処理しました
1190000件  処理しました
1195000件  処理しました

ファイルの形式     =[C:カンマ区切り]

入力件数           =[1195599 件]
正常出力件数       =[1195599 件]
エラー出力件数     =[0 件]

[ HitokuDriver Version 2.5.0 ] ENDED   AT (Tue Mar 05 03:52:29 JST 2019)


[ HitokuDriver Version 2.5.0 ] STARTED AT (Tue Mar 05 03:52:29 JST 2019)


ファイルの形式     =[C:カンマ区切り]

入力件数           =[0 件]
正常出力件数       =[0 件]
エラー出力件数     =[0 件]

[ HitokuDriver Version 2.5.0 ] ENDED   AT (Tue Mar 05 03:52:35 JST 2019)


[ HitokuDriver Version 2.5.0 ] STARTED AT (Tue Mar 05 03:52:35 JST 2019)

5000件  処理しました
10000件  処理しました
15000件  処理しました
20000件  処理しました
25000件  処理しました
30000件  処理しました
35000件  処理しました
40000件  処理しました
45000件  処理しました
50000件  処理しました
55000件  処理しました
60000件  処理しました
65000件  処理しました
70000件  処理しました
75000件  処理しました
80000件  処理しました
85000件  処理しました
90000件  処理しました
95000件  処理しました
100000件  処理しました
105000件  処理しました
110000件  処理しました
115000件  処理しました
120000件  処理しました
125000件  処理しました
130000件  処理しました
135000件  処理しました
140000件  処理しました
145000件  処理しました
150000件  処理しました
155000件  処理しました
160000件  処理しました
165000件  処理しました
170000件  処理しました
175000件  処理しました
180000件  処理しました
185000件  処理しました
190000件  処理しました
195000件  処理しました
200000件  処理しました
205000件  処理しました
210000件  処理しました
215000件  処理しました
220000件  処理しました
225000件  処理しました
230000件  処理しました
235000件  処理しました
240000件  処理しました
245000件  処理しました
250000件  処理しました
255000件  処理しました
260000件  処理しました
265000件  処理しました
270000件  処理しました
275000件  処理しました
280000件  処理しました
285000件  処理しました
290000件  処理しました
295000件  処理しました
300000件  処理しました
305000件  処理しました
310000件  処理しました
315000件  処理しました
320000件  処理しました
325000件  処理しました
330000件  処理しました
335000件  処理しました
340000件  処理しました
345000件  処理しました
350000件  処理しました
355000件  処理しました
360000件  処理しました
365000件  処理しました
370000件  処理しました
375000件  処理しました
380000件  処理しました
385000件  処理しました
390000件  処理しました
395000件  処理しました
400000件  処理しました
405000件  処理しました
410000件  処理しました
415000件  処理しました
420000件  処理しました
425000件  処理しました
430000件  処理しました
435000件  処理しました
440000件  処理しました
445000件  処理しました
450000件  処理しました
455000件  処理しました
460000件  処理しました
465000件  処理しました
470000件  処理しました
475000件  処理しました
480000件  処理しました
485000件  処理しました
490000件  処理しました
495000件  処理しました
500000件  処理しました
505000件  処理しました
510000件  処理しました
515000件  処理しました
520000件  処理しました
525000件  処理しました
530000件  処理しました
535000件  処理しました
540000件  処理しました
545000件  処理しました
550000件  処理しました
555000件  処理しました
560000件  処理しました
565000件  処理しました
570000件  処理しました
575000件  処理しました
580000件  処理しました
585000件  処理しました
590000件  処理しました
595000件  処理しました
600000件  処理しました
605000件  処理しました
610000件  処理しました
615000件  処理しました
620000件  処理しました
625000件  処理しました
630000件  処理しました
635000件  処理しました
640000件  処理しました
645000件  処理しました
650000件  処理しました
655000件  処理しました
660000件  処理しました
665000件  処理しました
670000件  処理しました
675000件  処理しました
680000件  処理しました
685000件  処理しました
690000件  処理しました
695000件  処理しました
700000件  処理しました
705000件  処理しました
710000件  処理しました
715000件  処理しました
720000件  処理しました
725000件  処理しました
730000件  処理しました
735000件  処理しました
740000件  処理しました
745000件  処理しました
750000件  処理しました
755000件  処理しました
760000件  処理しました
765000件  処理しました
770000件  処理しました
775000件  処理しました
780000件  処理しました
785000件  処理しました
790000件  処理しました
795000件  処理しました
800000件  処理しました
805000件  処理しました
810000件  処理しました
815000件  処理しました
820000件  処理しました
825000件  処理しました
830000件  処理しました
835000件  処理しました
840000件  処理しました
845000件  処理しました
850000件  処理しました
855000件  処理しました
860000件  処理しました
865000件  処理しました
870000件  処理しました
875000件  処理しました
880000件  処理しました
885000件  処理しました
890000件  処理しました
895000件  処理しました
900000件  処理しました
905000件  処理しました
910000件  処理しました
915000件  処理しました
920000件  処理しました
925000件  処理しました
930000件  処理しました
935000件  処理しました
940000件  処理しました
945000件  処理しました
950000件  処理しました
955000件  処理しました
960000件  処理しました
965000件  処理しました
970000件  処理しました
975000件  処理しました
980000件  処理しました
985000件  処理しました
990000件  処理しました
995000件  処理しました
1000000件  処理しました
1005000件  処理しました
1010000件  処理しました
1015000件  処理しました
1020000件  処理しました
1025000件  処理しました
1030000件  処理しました
1035000件  処理しました
1040000件  処理しました
1045000件  処理しました
1050000件  処理しました
1055000件  処理しました
1060000件  処理しました
1065000件  処理しました
1070000件  処理しました
1075000件  処理しました
1080000件  処理しました
1085000件  処理しました
1090000件  処理しました
1095000件  処理しました
1100000件  処理しました
1105000件  処理しました
1110000件  処理しました
1115000件  処理しました
1120000件  処理しました

ファイルの形式     =[C:カンマ区切り]

入力件数           =[1121637 件]
正常出力件数       =[1121637 件]
エラー出力件数     =[0 件]

[ HitokuDriver Version 2.5.0 ] ENDED   AT (Tue Mar 05 04:06:17 JST 2019)


[ HitokuDriver Version 2.5.0 ] STARTED AT (Tue Mar 05 04:06:17 JST 2019)

5000件  処理しました
10000件  処理しました
15000件  処理しました
20000件  処理しました
25000件  処理しました
30000件  処理しました
35000件  処理しました
40000件  処理しました
45000件  処理しました
50000件  処理しました
55000件  処理しました
60000件  処理しました
65000件  処理しました
70000件  処理しました
75000件  処理しました
80000件  処理しました
85000件  処理しました

ファイルの形式     =[C:カンマ区切り]

入力件数           =[89278 件]
正常出力件数       =[89278 件]
エラー出力件数     =[0 件]

[ HitokuDriver Version 2.5.0 ] ENDED   AT (Tue Mar 05 04:07:06 JST 2019)


[ HitokuDriver Version 2.5.0 ] STARTED AT (Tue Mar 05 04:07:07 JST 2019)

5000件  処理しました
10000件  処理しました
15000件  処理しました
20000件  処理しました
25000件  処理しました
30000件  処理しました
35000件  処理しました
40000件  処理しました
45000件  処理しました
50000件  処理しました
55000件  処理しました
60000件  処理しました
65000件  処理しました
70000件  処理しました
75000件  処理しました
80000件  処理しました
85000件  処理しました
90000件  処理しました
95000件  処理しました
100000件  処理しました
105000件  処理しました
110000件  処理しました
115000件  処理しました
120000件  処理しました
125000件  処理しました
130000件  処理しました
135000件  処理しました
140000件  処理しました
145000件  処理しました
150000件  処理しました
155000件  処理しました
160000件  処理しました
165000件  処理しました
170000件  処理しました
175000件  処理しました
180000件  処理しました
185000件  処理しました
190000件  処理しました
195000件  処理しました
200000件  処理しました
205000件  処理しました
210000件  処理しました
215000件  処理しました
220000件  処理しました
225000件  処理しました
230000件  処理しました
235000件  処理しました
240000件  処理しました
245000件  処理しました
250000件  処理しました
255000件  処理しました
260000件  処理しました
265000件  処理しました
270000件  処理しました
275000件  処理しました
280000件  処理しました
285000件  処理しました
290000件  処理しました
295000件  処理しました
300000件  処理しました
305000件  処理しました
310000件  処理しました
315000件  処理しました
320000件  処理しました
325000件  処理しました
330000件  処理しました
335000件  処理しました
340000件  処理しました
345000件  処理しました
350000件  処理しました
355000件  処理しました
360000件  処理しました
365000件  処理しました
370000件  処理しました
375000件  処理しました
380000件  処理しました
385000件  処理しました
390000件  処理しました
395000件  処理しました
400000件  処理しました
405000件  処理しました
410000件  処理しました
415000件  処理しました
420000件  処理しました
425000件  処理しました
430000件  処理しました
435000件  処理しました
440000件  処理しました
445000件  処理しました
450000件  処理しました
455000件  処理しました
460000件  処理しました
465000件  処理しました
470000件  処理しました
475000件  処理しました
480000件  処理しました
485000件  処理しました
490000件  処理しました
495000件  処理しました
500000件  処理しました
505000件  処理しました
510000件  処理しました
515000件  処理しました
520000件  処理しました
525000件  処理しました
530000件  処理しました
535000件  処理しました
540000件  処理しました
545000件  処理しました
550000件  処理しました
555000件  処理しました
560000件  処理しました
565000件  処理しました
570000件  処理しました
575000件  処理しました
580000件  処理しました
585000件  処理しました
590000件  処理しました
595000件  処理しました
600000件  処理しました
605000件  処理しました
610000件  処理しました
615000件  処理しました
620000件  処理しました
625000件  処理しました
630000件  処理しました
635000件  処理しました
640000件  処理しました
645000件  処理しました
650000件  処理しました
655000件  処理しました
660000件  処理しました
665000件  処理しました
670000件  処理しました
675000件  処理しました
680000件  処理しました
685000件  処理しました
690000件  処理しました
695000件  処理しました
700000件  処理しました
705000件  処理しました
710000件  処理しました
715000件  処理しました
720000件  処理しました
725000件  処理しました
730000件  処理しました
735000件  処理しました
740000件  処理しました
745000件  処理しました
750000件  処理しました
755000件  処理しました
760000件  処理しました
765000件  処理しました
770000件  処理しました
775000件  処理しました
780000件  処理しました
785000件  処理しました
790000件  処理しました
795000件  処理しました
800000件  処理しました
805000件  処理しました
810000件  処理しました
815000件  処理しました
820000件  処理しました
825000件  処理しました
830000件  処理しました
835000件  処理しました
840000件  処理しました
845000件  処理しました
850000件  処理しました
855000件  処理しました
860000件  処理しました
865000件  処理しました
870000件  処理しました
875000件  処理しました
880000件  処理しました
885000件  処理しました
890000件  処理しました
895000件  処理しました
900000件  処理しました
905000件  処理しました
910000件  処理しました
915000件  処理しました
920000件  処理しました
925000件  処理しました
930000件  処理しました
935000件  処理しました
940000件  処理しました
945000件  処理しました
950000件  処理しました
955000件  処理しました
960000件  処理しました
965000件  処理しました
970000件  処理しました
975000件  処理しました
980000件  処理しました
985000件  処理しました
990000件  処理しました
995000件  処理しました
1000000件  処理しました
1005000件  処理しました
1010000件  処理しました
1015000件  処理しました
1020000件  処理しました
1025000件  処理しました
1030000件  処理しました
1035000件  処理しました
1040000件  処理しました
1045000件  処理しました
1050000件  処理しました
1055000件  処理しました
1060000件  処理しました
1065000件  処理しました
1070000件  処理しました
1075000件  処理しました
1080000件  処理しました
1085000件  処理しました
1090000件  処理しました
1095000件  処理しました
1100000件  処理しました
1105000件  処理しました
1110000件  処理しました
1115000件  処理しました
1120000件  処理しました
1125000件  処理しました
1130000件  処理しました
1135000件  処理しました
1140000件  処理しました
1145000件  処理しました
1150000件  処理しました
1155000件  処理しました
1160000件  処理しました
1165000件  処理しました
1170000件  処理しました
1175000件  処理しました
1180000件  処理しました
1185000件  処理しました
1190000件  処理しました
1195000件  処理しました
1200000件  処理しました
1205000件  処理しました
1210000件  処理しました
1215000件  処理しました
1220000件  処理しました
1225000件  処理しました
1230000件  処理しました
1235000件  処理しました
1240000件  処理しました
1245000件  処理しました
1250000件  処理しました
1255000件  処理しました
1260000件  処理しました
1265000件  処理しました
1270000件  処理しました
1275000件  処理しました
1280000件  処理しました
1285000件  処理しました
1290000件  処理しました
1295000件  処理しました
1300000件  処理しました
1305000件  処理しました
1310000件  処理しました
1315000件  処理しました
1320000件  処理しました
1325000件  処理しました
1330000件  処理しました
1335000件  処理しました
1340000件  処理しました
1345000件  処理しました
1350000件  処理しました
1355000件  処理しました
1360000件  処理しました
1365000件  処理しました
1370000件  処理しました
1375000件  処理しました
1380000件  処理しました
1385000件  処理しました
1390000件  処理しました
1395000件  処理しました
1400000件  処理しました
1405000件  処理しました
1410000件  処理しました
1415000件  処理しました
1420000件  処理しました
1425000件  処理しました
1430000件  処理しました
1435000件  処理しました
1440000件  処理しました
1445000件  処理しました
1450000件  処理しました
1455000件  処理しました
1460000件  処理しました
1465000件  処理しました
1470000件  処理しました
1475000件  処理しました
1480000件  処理しました
1485000件  処理しました
1490000件  処理しました
1495000件  処理しました
1500000件  処理しました
1505000件  処理しました
1510000件  処理しました
1515000件  処理しました
1520000件  処理しました

ファイルの形式     =[C:カンマ区切り]

入力件数           =[1523610 件]
正常出力件数       =[1523610 件]
エラー出力件数     =[0 件]

[ HitokuDriver Version 2.5.0 ] ENDED   AT (Tue Mar 05 04:07:34 JST 2019)


[ HitokuDriver Version 2.5.0 ] STARTED AT (Tue Mar 05 04:07:34 JST 2019)

5000件  処理しました
10000件  処理しました
15000件  処理しました
20000件  処理しました
25000件  処理しました
30000件  処理しました
35000件  処理しました

ファイルの形式     =[C:カンマ区切り]

入力件数           =[37599 件]
正常出力件数       =[37599 件]
エラー出力件数     =[0 件]

[ HitokuDriver Version 2.5.0 ] ENDED   AT (Tue Mar 05 04:07:36 JST 2019)


[ HitokuDriver Version 2.5.0 ] STARTED AT (Tue Mar 05 04:07:37 JST 2019)

5000件  処理しました
10000件  処理しました
15000件  処理しました
20000件  処理しました
25000件  処理しました
30000件  処理しました
35000件  処理しました
40000件  処理しました
45000件  処理しました
50000件  処理しました

ファイルの形式     =[C:カンマ区切り]

入力件数           =[54633 件]
正常出力件数       =[54633 件]
エラー出力件数     =[0 件]

[ HitokuDriver Version 2.5.0 ] ENDED   AT (Tue Mar 05 04:07:39 JST 2019)


[ HitokuDriver Version 2.5.0 ] STARTED AT (Tue Mar 05 04:07:40 JST 2019)


ファイルの形式     =[C:カンマ区切り]

入力件数           =[82 件]
正常出力件数       =[82 件]
エラー出力件数     =[0 件]

[ HitokuDriver Version 2.5.0 ] ENDED   AT (Tue Mar 05 04:07:44 JST 2019)


[ HitokuDriver Version 2.5.0 ] STARTED AT (Tue Mar 05 04:07:44 JST 2019)


ファイルの形式     =[C:カンマ区切り]

入力件数           =[3111 件]
正常出力件数       =[3111 件]
エラー出力件数     =[0 件]

[ HitokuDriver Version 2.5.0 ] ENDED   AT (Tue Mar 05 04:07:45 JST 2019)


[ HitokuDriver Version 2.5.0 ] STARTED AT (Tue Mar 05 04:07:45 JST 2019)

5000件  処理しました
10000件  処理しました
15000件  処理しました

ファイルの形式     =[C:カンマ区切り]

入力件数           =[16832 件]
正常出力件数       =[16832 件]
エラー出力件数     =[0 件]

[ HitokuDriver Version 2.5.0 ] ENDED   AT (Tue Mar 05 04:08:10 JST 2019)


[ HitokuDriver Version 2.5.0 ] STARTED AT (Tue Mar 05 04:08:10 JST 2019)

5000件  処理しました
10000件  処理しました
15000件  処理しました
20000件  処理しました
25000件  処理しました
30000件  処理しました
35000件  処理しました
40000件  処理しました
45000件  処理しました
50000件  処理しました
55000件  処理しました
60000件  処理しました
65000件  処理しました
70000件  処理しました
75000件  処理しました
80000件  処理しました
85000件  処理しました
90000件  処理しました
95000件  処理しました
100000件  処理しました
105000件  処理しました
110000件  処理しました
115000件  処理しました
120000件  処理しました
125000件  処理しました
130000件  処理しました
135000件  処理しました
140000件  処理しました
145000件  処理しました
150000件  処理しました
155000件  処理しました
160000件  処理しました
165000件  処理しました
170000件  処理しました
175000件  処理しました
180000件  処理しました
185000件  処理しました
190000件  処理しました
195000件  処理しました
200000件  処理しました
205000件  処理しました
210000件  処理しました
215000件  処理しました
220000件  処理しました
225000件  処理しました
230000件  処理しました
235000件  処理しました
240000件  処理しました
245000件  処理しました
250000件  処理しました
255000件  処理しました
260000件  処理しました
265000件  処理しました
270000件  処理しました
275000件  処理しました
280000件  処理しました
285000件  処理しました
290000件  処理しました
295000件  処理しました
300000件  処理しました
305000件  処理しました
310000件  処理しました
315000件  処理しました
320000件  処理しました
325000件  処理しました
330000件  処理しました
335000件  処理しました
340000件  処理しました
345000件  処理しました
350000件  処理しました
355000件  処理しました
360000件  処理しました
365000件  処理しました
370000件  処理しました
375000件  処理しました
380000件  処理しました
385000件  処理しました
390000件  処理しました
395000件  処理しました
400000件  処理しました
405000件  処理しました
410000件  処理しました
415000件  処理しました
420000件  処理しました
425000件  処理しました
430000件  処理しました
435000件  処理しました

ファイルの形式     =[C:カンマ区切り]

入力件数           =[439198 件]
正常出力件数       =[439198 件]
エラー出力件数     =[0 件]

[ HitokuDriver Version 2.5.0 ] ENDED   AT (Tue Mar 05 04:08:17 JST 2019)


[ HitokuDriver Version 2.5.0 ] STARTED AT (Tue Mar 05 04:08:17 JST 2019)


ファイルの形式     =[C:カンマ区切り]

入力件数           =[0 件]
正常出力件数       =[0 件]
エラー出力件数     =[0 件]

[ HitokuDriver Version 2.5.0 ] ENDED   AT (Tue Mar 05 04:08:17 JST 2019)


[ HitokuDriver Version 2.5.0 ] STARTED AT (Tue Mar 05 04:08:17 JST 2019)

5000件  処理しました
10000件  処理しました
15000件  処理しました
20000件  処理しました
25000件  処理しました
30000件  処理しました
35000件  処理しました
40000件  処理しました
45000件  処理しました
50000件  処理しました
55000件  処理しました
60000件  処理しました
65000件  処理しました
70000件  処理しました
75000件  処理しました
80000件  処理しました
85000件  処理しました
90000件  処理しました
95000件  処理しました
100000件  処理しました
105000件  処理しました
110000件  処理しました
115000件  処理しました
120000件  処理しました
125000件  処理しました
130000件  処理しました
135000件  処理しました
140000件  処理しました
145000件  処理しました
150000件  処理しました
155000件  処理しました
160000件  処理しました
165000件  処理しました
170000件  処理しました
175000件  処理しました
180000件  処理しました
185000件  処理しました
190000件  処理しました
195000件  処理しました
200000件  処理しました
205000件  処理しました
210000件  処理しました
215000件  処理しました
220000件  処理しました
225000件  処理しました
230000件  処理しました
235000件  処理しました
240000件  処理しました
245000件  処理しました
250000件  処理しました
255000件  処理しました
260000件  処理しました
265000件  処理しました
270000件  処理しました
275000件  処理しました
280000件  処理しました
285000件  処理しました
290000件  処理しました
295000件  処理しました
300000件  処理しました
305000件  処理しました
310000件  処理しました
315000件  処理しました
320000件  処理しました
325000件  処理しました
330000件  処理しました
335000件  処理しました
340000件  処理しました
345000件  処理しました
350000件  処理しました
355000件  処理しました
360000件  処理しました
365000件  処理しました
370000件  処理しました
375000件  処理しました
380000件  処理しました
385000件  処理しました
390000件  処理しました
395000件  処理しました
400000件  処理しました
405000件  処理しました
410000件  処理しました
415000件  処理しました
420000件  処理しました
425000件  処理しました
430000件  処理しました
435000件  処理しました
440000件  処理しました
445000件  処理しました
450000件  処理しました
455000件  処理しました
460000件  処理しました
465000件  処理しました
470000件  処理しました
475000件  処理しました
480000件  処理しました
485000件  処理しました
490000件  処理しました
495000件  処理しました
500000件  処理しました
505000件  処理しました
510000件  処理しました
515000件  処理しました
520000件  処理しました
525000件  処理しました
530000件  処理しました
535000件  処理しました
540000件  処理しました
545000件  処理しました
550000件  処理しました
555000件  処理しました
560000件  処理しました
565000件  処理しました
570000件  処理しました
575000件  処理しました
580000件  処理しました
585000件  処理しました
590000件  処理しました
595000件  処理しました
600000件  処理しました
605000件  処理しました
610000件  処理しました
615000件  処理しました
620000件  処理しました
625000件  処理しました
630000件  処理しました
635000件  処理しました
640000件  処理しました
645000件  処理しました
650000件  処理しました
655000件  処理しました
660000件  処理しました
665000件  処理しました
670000件  処理しました
675000件  処理しました
680000件  処理しました
685000件  処理しました
690000件  処理しました
695000件  処理しました
700000件  処理しました
705000件  処理しました
710000件  処理しました
715000件  処理しました
720000件  処理しました
725000件  処理しました
730000件  処理しました
735000件  処理しました
740000件  処理しました
745000件  処理しました
750000件  処理しました
755000件  処理しました
760000件  処理しました
765000件  処理しました

ファイルの形式     =[C:カンマ区切り]

入力件数           =[767363 件]
正常出力件数       =[767363 件]
エラー出力件数     =[0 件]

[ HitokuDriver Version 2.5.0 ] ENDED   AT (Tue Mar 05 04:08:27 JST 2019)


[ HitokuDriver Version 2.5.0 ] STARTED AT (Tue Mar 05 04:08:27 JST 2019)

5000件  処理しました
10000件  処理しました
15000件  処理しました
20000件  処理しました
25000件  処理しました
30000件  処理しました
35000件  処理しました
40000件  処理しました
45000件  処理しました
50000件  処理しました
55000件  処理しました
60000件  処理しました
65000件  処理しました
70000件  処理しました
75000件  処理しました
80000件  処理しました
85000件  処理しました
90000件  処理しました
95000件  処理しました
100000件  処理しました
105000件  処理しました
110000件  処理しました
115000件  処理しました
120000件  処理しました
125000件  処理しました
130000件  処理しました
135000件  処理しました
140000件  処理しました
145000件  処理しました
150000件  処理しました
155000件  処理しました
160000件  処理しました
165000件  処理しました
170000件  処理しました
175000件  処理しました
180000件  処理しました
185000件  処理しました
190000件  処理しました
195000件  処理しました
200000件  処理しました
205000件  処理しました
210000件  処理しました
215000件  処理しました
220000件  処理しました
225000件  処理しました
230000件  処理しました
235000件  処理しました
240000件  処理しました
245000件  処理しました
250000件  処理しました
255000件  処理しました
260000件  処理しました
265000件  処理しました
270000件  処理しました
275000件  処理しました
280000件  処理しました
285000件  処理しました
290000件  処理しました
295000件  処理しました
300000件  処理しました
305000件  処理しました
310000件  処理しました
315000件  処理しました
320000件  処理しました
325000件  処理しました
330000件  処理しました
335000件  処理しました
340000件  処理しました
345000件  処理しました
350000件  処理しました
355000件  処理しました
360000件  処理しました
365000件  処理しました
370000件  処理しました
375000件  処理しました
380000件  処理しました
385000件  処理しました
390000件  処理しました
395000件  処理しました
400000件  処理しました
405000件  処理しました
410000件  処理しました
415000件  処理しました
420000件  処理しました
425000件  処理しました
430000件  処理しました
435000件  処理しました
440000件  処理しました
445000件  処理しました
450000件  処理しました
455000件  処理しました
460000件  処理しました
465000件  処理しました
470000件  処理しました
475000件  処理しました
480000件  処理しました
485000件  処理しました
490000件  処理しました
495000件  処理しました
500000件  処理しました
505000件  処理しました
510000件  処理しました
515000件  処理しました
520000件  処理しました
525000件  処理しました
530000件  処理しました
535000件  処理しました
540000件  処理しました
545000件  処理しました
550000件  処理しました
555000件  処理しました
560000件  処理しました
565000件  処理しました
570000件  処理しました
575000件  処理しました
580000件  処理しました
585000件  処理しました
590000件  処理しました
595000件  処理しました
600000件  処理しました
605000件  処理しました
610000件  処理しました
615000件  処理しました
620000件  処理しました
625000件  処理しました
630000件  処理しました
635000件  処理しました
640000件  処理しました
645000件  処理しました
650000件  処理しました
655000件  処理しました
660000件  処理しました
665000件  処理しました
670000件  処理しました
675000件  処理しました
680000件  処理しました
685000件  処理しました
690000件  処理しました
695000件  処理しました
700000件  処理しました
705000件  処理しました
710000件  処理しました
715000件  処理しました
720000件  処理しました
725000件  処理しました
730000件  処理しました
735000件  処理しました
740000件  処理しました
745000件  処理しました
750000件  処理しました
755000件  処理しました
760000件  処理しました
765000件  処理しました
770000件  処理しました
775000件  処理しました
780000件  処理しました
785000件  処理しました
790000件  処理しました
795000件  処理しました
800000件  処理しました
805000件  処理しました
810000件  処理しました
815000件  処理しました
820000件  処理しました
825000件  処理しました
830000件  処理しました
835000件  処理しました
840000件  処理しました
845000件  処理しました
850000件  処理しました
855000件  処理しました
860000件  処理しました
865000件  処理しました
870000件  処理しました
875000件  処理しました
880000件  処理しました
885000件  処理しました
890000件  処理しました
895000件  処理しました
900000件  処理しました
905000件  処理しました
910000件  処理しました
915000件  処理しました
920000件  処理しました
925000件  処理しました
930000件  処理しました
935000件  処理しました
940000件  処理しました
945000件  処理しました
950000件  処理しました
955000件  処理しました
960000件  処理しました
965000件  処理しました
970000件  処理しました
975000件  処理しました
980000件  処理しました
985000件  処理しました

ファイルの形式     =[C:カンマ区切り]

入力件数           =[988068 件]
正常出力件数       =[988068 件]
エラー出力件数     =[0 件]

[ HitokuDriver Version 2.5.0 ] ENDED   AT (Tue Mar 05 04:08:39 JST 2019)


[ HitokuDriver Version 2.5.0 ] STARTED AT (Tue Mar 05 04:08:40 JST 2019)


ファイルの形式     =[C:カンマ区切り]

入力件数           =[3 件]
正常出力件数       =[3 件]
エラー出力件数     =[0 件]

[ HitokuDriver Version 2.5.0 ] ENDED   AT (Tue Mar 05 04:08:40 JST 2019)


[ HitokuDriver Version 2.5.0 ] STARTED AT (Tue Mar 05 04:08:40 JST 2019)


ファイルの形式     =[C:カンマ区切り]

入力件数           =[0 件]
正常出力件数       =[0 件]
エラー出力件数     =[0 件]

[ HitokuDriver Version 2.5.0 ] ENDED   AT (Tue Mar 05 04:08:41 JST 2019)


[ HitokuDriver Version 2.5.0 ] STARTED AT (Tue Mar 05 04:08:41 JST 2019)

5000件  処理しました
10000件  処理しました
15000件  処理しました
20000件  処理しました
25000件  処理しました
30000件  処理しました
35000件  処理しました
40000件  処理しました
45000件  処理しました
50000件  処理しました
55000件  処理しました
60000件  処理しました
65000件  処理しました
70000件  処理しました
75000件  処理しました
80000件  処理しました
85000件  処理しました
90000件  処理しました
95000件  処理しました
100000件  処理しました
105000件  処理しました
110000件  処理しました
115000件  処理しました
120000件  処理しました
125000件  処理しました
130000件  処理しました
135000件  処理しました
140000件  処理しました
145000件  処理しました
150000件  処理しました
155000件  処理しました
160000件  処理しました
165000件  処理しました
170000件  処理しました
175000件  処理しました
180000件  処理しました
185000件  処理しました
190000件  処理しました
195000件  処理しました
200000件  処理しました
205000件  処理しました
210000件  処理しました
215000件  処理しました
220000件  処理しました
225000件  処理しました
230000件  処理しました
235000件  処理しました
240000件  処理しました
245000件  処理しました
250000件  処理しました
255000件  処理しました
260000件  処理しました
265000件  処理しました
270000件  処理しました
275000件  処理しました
280000件  処理しました
285000件  処理しました
290000件  処理しました
295000件  処理しました
300000件  処理しました
305000件  処理しました
310000件  処理しました
315000件  処理しました
320000件  処理しました
325000件  処理しました
330000件  処理しました
335000件  処理しました
340000件  処理しました
345000件  処理しました
350000件  処理しました
355000件  処理しました
360000件  処理しました
365000件  処理しました
370000件  処理しました
375000件  処理しました
380000件  処理しました
385000件  処理しました
390000件  処理しました
395000件  処理しました
400000件  処理しました
405000件  処理しました
410000件  処理しました
415000件  処理しました
420000件  処理しました
425000件  処理しました
430000件  処理しました
435000件  処理しました
440000件  処理しました
445000件  処理しました
450000件  処理しました
455000件  処理しました
460000件  処理しました
465000件  処理しました
470000件  処理しました
475000件  処理しました

ファイルの形式     =[C:カンマ区切り]

入力件数           =[475456 件]
正常出力件数       =[475456 件]
エラー出力件数     =[0 件]

[ HitokuDriver Version 2.5.0 ] ENDED   AT (Tue Mar 05 04:08:50 JST 2019)


[ HitokuDriver Version 2.5.0 ] STARTED AT (Tue Mar 05 04:08:50 JST 2019)


ファイルの形式     =[C:カンマ区切り]

入力件数           =[1 件]
正常出力件数       =[1 件]
エラー出力件数     =[0 件]

[ HitokuDriver Version 2.5.0 ] ENDED   AT (Tue Mar 05 04:08:50 JST 2019)


[ HitokuDriver Version 2.5.0 ] STARTED AT (Tue Mar 05 04:08:51 JST 2019)

5000件  処理しました
10000件  処理しました
15000件  処理しました
20000件  処理しました
25000件  処理しました
30000件  処理しました
35000件  処理しました
40000件  処理しました
45000件  処理しました
50000件  処理しました
55000件  処理しました
60000件  処理しました
65000件  処理しました
70000件  処理しました
75000件  処理しました
80000件  処理しました
85000件  処理しました
90000件  処理しました
95000件  処理しました
100000件  処理しました
105000件  処理しました
110000件  処理しました
115000件  処理しました
120000件  処理しました
125000件  処理しました
130000件  処理しました
135000件  処理しました
140000件  処理しました
145000件  処理しました
150000件  処理しました
155000件  処理しました
160000件  処理しました
165000件  処理しました
170000件  処理しました
175000件  処理しました
180000件  処理しました
185000件  処理しました
190000件  処理しました
195000件  処理しました
200000件  処理しました
205000件  処理しました
210000件  処理しました
215000件  処理しました
220000件  処理しました
225000件  処理しました
230000件  処理しました
235000件  処理しました
240000件  処理しました
245000件  処理しました
250000件  処理しました
255000件  処理しました
260000件  処理しました
265000件  処理しました
270000件  処理しました
275000件  処理しました
280000件  処理しました
285000件  処理しました
290000件  処理しました
295000件  処理しました
300000件  処理しました
305000件  処理しました
310000件  処理しました
315000件  処理しました
320000件  処理しました
325000件  処理しました
330000件  処理しました
335000件  処理しました
340000件  処理しました
345000件  処理しました
350000件  処理しました
355000件  処理しました
360000件  処理しました
365000件  処理しました
370000件  処理しました
375000件  処理しました
380000件  処理しました
385000件  処理しました
390000件  処理しました
395000件  処理しました
400000件  処理しました
405000件  処理しました
410000件  処理しました
415000件  処理しました
420000件  処理しました
425000件  処理しました
430000件  処理しました
435000件  処理しました
440000件  処理しました
445000件  処理しました
450000件  処理しました
455000件  処理しました
460000件  処理しました
465000件  処理しました
470000件  処理しました
475000件  処理しました
480000件  処理しました
485000件  処理しました
490000件  処理しました
495000件  処理しました
500000件  処理しました
505000件  処理しました
510000件  処理しました
515000件  処理しました
520000件  処理しました
525000件  処理しました
530000件  処理しました
535000件  処理しました
540000件  処理しました
545000件  処理しました
550000件  処理しました
555000件  処理しました
560000件  処理しました
565000件  処理しました
570000件  処理しました
575000件  処理しました
580000件  処理しました
585000件  処理しました
590000件  処理しました
595000件  処理しました
600000件  処理しました
605000件  処理しました
610000件  処理しました
615000件  処理しました
620000件  処理しました
625000件  処理しました
630000件  処理しました
635000件  処理しました
640000件  処理しました
645000件  処理しました
650000件  処理しました
655000件  処理しました
660000件  処理しました
665000件  処理しました
670000件  処理しました
675000件  処理しました
680000件  処理しました
685000件  処理しました
690000件  処理しました
695000件  処理しました
700000件  処理しました
705000件  処理しました
710000件  処理しました
715000件  処理しました
720000件  処理しました
725000件  処理しました
730000件  処理しました
735000件  処理しました
740000件  処理しました
745000件  処理しました
750000件  処理しました
755000件  処理しました
760000件  処理しました
765000件  処理しました

ファイルの形式     =[C:カンマ区切り]

入力件数           =[767363 件]
正常出力件数       =[767363 件]
エラー出力件数     =[0 件]

[ HitokuDriver Version 2.5.0 ] ENDED   AT (Tue Mar 05 04:16:30 JST 2019)


[ HitokuDriver Version 2.5.0 ] STARTED AT (Tue Mar 05 04:16:31 JST 2019)


ファイルの形式     =[C:カンマ区切り]

入力件数           =[1 件]
正常出力件数       =[1 件]
エラー出力件数     =[0 件]

[ HitokuDriver Version 2.5.0 ] ENDED   AT (Tue Mar 05 04:16:35 JST 2019)


[ HitokuDriver Version 2.5.0 ] STARTED AT (Tue Mar 05 04:16:35 JST 2019)

5000件  処理しました
10000件  処理しました
15000件  処理しました
20000件  処理しました
25000件  処理しました
30000件  処理しました
35000件  処理しました
40000件  処理しました
45000件  処理しました
50000件  処理しました
55000件  処理しました
60000件  処理しました
65000件  処理しました
70000件  処理しました
75000件  処理しました
80000件  処理しました
85000件  処理しました
90000件  処理しました
95000件  処理しました
100000件  処理しました
105000件  処理しました
110000件  処理しました
115000件  処理しました
120000件  処理しました
125000件  処理しました
130000件  処理しました
135000件  処理しました
140000件  処理しました
145000件  処理しました
150000件  処理しました
155000件  処理しました
160000件  処理しました
165000件  処理しました
170000件  処理しました
175000件  処理しました
180000件  処理しました
185000件  処理しました
190000件  処理しました
195000件  処理しました
200000件  処理しました
205000件  処理しました
210000件  処理しました
215000件  処理しました
220000件  処理しました
225000件  処理しました
230000件  処理しました
235000件  処理しました
240000件  処理しました
245000件  処理しました
250000件  処理しました
255000件  処理しました
260000件  処理しました
265000件  処理しました
270000件  処理しました
275000件  処理しました
280000件  処理しました
285000件  処理しました
290000件  処理しました
295000件  処理しました
300000件  処理しました
305000件  処理しました
310000件  処理しました
315000件  処理しました
320000件  処理しました
325000件  処理しました
330000件  処理しました
335000件  処理しました
340000件  処理しました
345000件  処理しました
350000件  処理しました
355000件  処理しました
360000件  処理しました
365000件  処理しました
370000件  処理しました
375000件  処理しました
380000件  処理しました
385000件  処理しました
390000件  処理しました
395000件  処理しました
400000件  処理しました
405000件  処理しました
410000件  処理しました
415000件  処理しました
420000件  処理しました
425000件  処理しました
430000件  処理しました
435000件  処理しました
440000件  処理しました
445000件  処理しました
450000件  処理しました
455000件  処理しました
460000件  処理しました
465000件  処理しました
470000件  処理しました
475000件  処理しました
480000件  処理しました
485000件  処理しました
490000件  処理しました
495000件  処理しました
500000件  処理しました
505000件  処理しました
510000件  処理しました
515000件  処理しました
520000件  処理しました
525000件  処理しました
530000件  処理しました
535000件  処理しました
540000件  処理しました
545000件  処理しました
550000件  処理しました
555000件  処理しました
560000件  処理しました
565000件  処理しました
570000件  処理しました
575000件  処理しました
580000件  処理しました
585000件  処理しました
590000件  処理しました
595000件  処理しました
600000件  処理しました
605000件  処理しました
610000件  処理しました
615000件  処理しました
620000件  処理しました
625000件  処理しました
630000件  処理しました
635000件  処理しました
640000件  処理しました
645000件  処理しました
650000件  処理しました
655000件  処理しました
660000件  処理しました
665000件  処理しました
670000件  処理しました
675000件  処理しました
680000件  処理しました
685000件  処理しました
690000件  処理しました
695000件  処理しました
700000件  処理しました
705000件  処理しました
710000件  処理しました
715000件  処理しました
720000件  処理しました
725000件  処理しました
730000件  処理しました
735000件  処理しました
740000件  処理しました
745000件  処理しました
750000件  処理しました
755000件  処理しました
760000件  処理しました
765000件  処理しました

ファイルの形式     =[C:カンマ区切り]

入力件数           =[767363 件]
正常出力件数       =[767363 件]
エラー出力件数     =[0 件]

[ HitokuDriver Version 2.5.0 ] ENDED   AT (Tue Mar 05 04:16:45 JST 2019)


[ HitokuDriver Version 2.5.0 ] STARTED AT (Tue Mar 05 04:16:45 JST 2019)


ファイルの形式     =[C:カンマ区切り]

入力件数           =[0 件]
正常出力件数       =[0 件]
エラー出力件数     =[0 件]

[ HitokuDriver Version 2.5.0 ] ENDED   AT (Tue Mar 05 04:16:45 JST 2019)


[ HitokuDriver Version 2.5.0 ] STARTED AT (Tue Mar 05 04:16:46 JST 2019)


ファイルの形式     =[C:カンマ区切り]

入力件数           =[0 件]
正常出力件数       =[0 件]
エラー出力件数     =[0 件]

[ HitokuDriver Version 2.5.0 ] ENDED   AT (Tue Mar 05 04:16:46 JST 2019)


[ HitokuDriver Version 2.5.0 ] STARTED AT (Tue Mar 05 04:16:46 JST 2019)


ファイルの形式     =[C:カンマ区切り]

入力件数           =[1 件]
正常出力件数       =[1 件]
エラー出力件数     =[0 件]

[ HitokuDriver Version 2.5.0 ] ENDED   AT (Tue Mar 05 04:16:51 JST 2019)


[ HitokuDriver Version 2.5.0 ] STARTED AT (Tue Mar 05 04:16:51 JST 2019)

5000件  処理しました
10000件  処理しました
15000件  処理しました
20000件  処理しました
25000件  処理しました
30000件  処理しました
35000件  処理しました
40000件  処理しました
45000件  処理しました
50000件  処理しました
55000件  処理しました
60000件  処理しました
65000件  処理しました
70000件  処理しました
75000件  処理しました
80000件  処理しました
85000件  処理しました
90000件  処理しました
95000件  処理しました
100000件  処理しました
105000件  処理しました
110000件  処理しました
115000件  処理しました
120000件  処理しました
125000件  処理しました
130000件  処理しました
135000件  処理しました
140000件  処理しました
145000件  処理しました
150000件  処理しました
155000件  処理しました
160000件  処理しました
165000件  処理しました
170000件  処理しました
175000件  処理しました
180000件  処理しました
185000件  処理しました
190000件  処理しました
195000件  処理しました
200000件  処理しました
205000件  処理しました
210000件  処理しました
215000件  処理しました
220000件  処理しました
225000件  処理しました
230000件  処理しました
235000件  処理しました
240000件  処理しました
245000件  処理しました
250000件  処理しました
255000件  処理しました
260000件  処理しました
265000件  処理しました
270000件  処理しました
275000件  処理しました
280000件  処理しました
285000件  処理しました
290000件  処理しました
295000件  処理しました
300000件  処理しました
305000件  処理しました
310000件  処理しました
315000件  処理しました
320000件  処理しました
325000件  処理しました
330000件  処理しました
335000件  処理しました
340000件  処理しました
345000件  処理しました
350000件  処理しました
355000件  処理しました
360000件  処理しました
365000件  処理しました
370000件  処理しました
375000件  処理しました
380000件  処理しました
385000件  処理しました
390000件  処理しました
395000件  処理しました
400000件  処理しました
405000件  処理しました
410000件  処理しました
415000件  処理しました
420000件  処理しました
425000件  処理しました
430000件  処理しました
435000件  処理しました
440000件  処理しました
445000件  処理しました
450000件  処理しました
455000件  処理しました
460000件  処理しました
465000件  処理しました
470000件  処理しました
475000件  処理しました
480000件  処理しました
485000件  処理しました
490000件  処理しました
495000件  処理しました
500000件  処理しました
505000件  処理しました
510000件  処理しました
515000件  処理しました
520000件  処理しました
525000件  処理しました
530000件  処理しました
535000件  処理しました
540000件  処理しました
545000件  処理しました
550000件  処理しました
555000件  処理しました
560000件  処理しました
565000件  処理しました
570000件  処理しました
575000件  処理しました
580000件  処理しました
585000件  処理しました
590000件  処理しました
595000件  処理しました
600000件  処理しました
605000件  処理しました
610000件  処理しました
615000件  処理しました
620000件  処理しました
625000件  処理しました
630000件  処理しました
635000件  処理しました
640000件  処理しました
645000件  処理しました
650000件  処理しました
655000件  処理しました
660000件  処理しました
665000件  処理しました
670000件  処理しました
675000件  処理しました
680000件  処理しました
685000件  処理しました
690000件  処理しました
695000件  処理しました
700000件  処理しました
705000件  処理しました
710000件  処理しました
715000件  処理しました
720000件  処理しました
725000件  処理しました
730000件  処理しました
735000件  処理しました
740000件  処理しました
745000件  処理しました
750000件  処理しました
755000件  処理しました
760000件  処理しました
765000件  処理しました
770000件  処理しました
775000件  処理しました

ファイルの形式     =[C:カンマ区切り]

入力件数           =[775270 件]
正常出力件数       =[775270 件]
エラー出力件数     =[0 件]

[ HitokuDriver Version 2.5.0 ] ENDED   AT (Tue Mar 05 04:23:12 JST 2019)

******************************************************************************
*****************************Encoding****************************************
******************************************************************************
japanese_japan.ja16sjis
japanese_japan.ja16sjis
japanese_japan.ja16sjis
******************************************************************************
*************************Parallel loader Started*************************
******************************************************************************
******************************************************************************
*****************************Encoding****************************************
******************************************************************************
japanese_japan.ja16sjis
japanese_japan.ja16sjis
japanese_japan.ja16sjis
******************************************************************************
*************************PARALELL substr Started*************************
******************************************************************************
******************************************************************************
*************************substr Started*************************
******************************************************************************
******************************************************************************
*************************substr Comleted*************************
******************************************************************************
******************************************************************************
*************************PARALELL SQLLDR Started*************************
******************************************************************************
******************************************************************************
*************************SQLLDR Started*************************
******************************************************************************

SQL*Loader: Release 12.1.0.2.0 - Production on 火 3月 5 04:29:58 2019

Copyright (c) 1982, 2014, Oracle and/or its affiliates.  All rights reserved.

エクスプレス・モード・ロードの表: AUDIT_CLEXPF_TEMP
使用パス:      外部表, DEGREE_OF_PARALLELISM=AUTO

表AUDIT_CLEXPF_TEMP:
  1109422行のロードに成功しました。

確認するログ・ファイル:
  AUDIT_CLEXPF_TEMP.log
  AUDIT_CLEXPF_TEMP_%p.log_xt
ロードの詳細を参照してください。

SQL*Loader: Release 12.1.0.2.0 - Production on 火 3月 5 04:30:10 2019

Copyright (c) 1982, 2014, Oracle and/or its affiliates.  All rights reserved.

エクスプレス・モード・ロードの表: AUDIT_CLNT_TEMP
使用パス:      外部表, DEGREE_OF_PARALLELISM=AUTO

表AUDIT_CLNT_TEMP:
  253630行のロードに成功しました。

確認するログ・ファイル:
  AUDIT_CLNT_TEMP.log
  AUDIT_CLNT_TEMP_%p.log_xt
ロードの詳細を参照してください。

SQL*Loader: Release 12.1.0.2.0 - Production on 火 3月 5 04:30:21 2019

Copyright (c) 1982, 2014, Oracle and/or its affiliates.  All rights reserved.

エクスプレス・モード・ロードの表: AUDIT_CLNTPF_TEMP
使用パス:      外部表, DEGREE_OF_PARALLELISM=AUTO

表AUDIT_CLNTPF_TEMP:
  1304953行のロードに成功しました。

確認するログ・ファイル:
  AUDIT_CLNTPF_TEMP.log
  AUDIT_CLNTPF_TEMP_%p.log_xt
ロードの詳細を参照してください。

SQL*Loader: Release 12.1.0.2.0 - Production on 火 3月 5 04:31:26 2019

Copyright (c) 1982, 2014, Oracle and/or its affiliates.  All rights reserved.

エクスプレス・モード・ロードの表: CLBAPF_TEMP
使用パス:      外部表, DEGREE_OF_PARALLELISM=AUTO

表CLBAPF_TEMP:
  822290行のロードに成功しました。

確認するログ・ファイル:
  CLBAPF_TEMP.log
  CLBAPF_TEMP_%p.log_xt
ロードの詳細を参照してください。

SQL*Loader: Release 12.1.0.2.0 - Production on 火 3月 5 04:31:35 2019

Copyright (c) 1982, 2014, Oracle and/or its affiliates.  All rights reserved.

エクスプレス・モード・ロードの表: CLEXPF_TEMP
使用パス:      外部表, DEGREE_OF_PARALLELISM=AUTO

表CLEXPF_TEMP:
  1102866行のロードに成功しました。

確認するログ・ファイル:
  CLEXPF_TEMP.log
  CLEXPF_TEMP_%p.log_xt
ロードの詳細を参照してください。

SQL*Loader: Release 12.1.0.2.0 - Production on 火 3月 5 04:31:53 2019

Copyright (c) 1982, 2014, Oracle and/or its affiliates.  All rights reserved.

エクスプレス・モード・ロードの表: CLNTPF_TEMP
使用パス:      外部表, DEGREE_OF_PARALLELISM=AUTO

表CLNTPF_TEMP:
  1103367行のロードに成功しました。

確認するログ・ファイル:
  CLNTPF_TEMP.log
  CLNTPF_TEMP_%p.log_xt
ロードの詳細を参照してください。

SQL*Loader: Release 12.1.0.2.0 - Production on 火 3月 5 04:32:35 2019

Copyright (c) 1982, 2014, Oracle and/or its affiliates.  All rights reserved.

エクスプレス・モード・ロードの表: GMHDPF_TEMP
使用パス:      外部表, DEGREE_OF_PARALLELISM=AUTO

表GMHDPF_TEMP:
  1110588行のロードに成功しました。

確認するログ・ファイル:
  GMHDPF_TEMP.log
  GMHDPF_TEMP_%p.log_xt
ロードの詳細を参照してください。

SQL*Loader: Release 12.1.0.2.0 - Production on 火 3月 5 04:32:41 2019

Copyright (c) 1982, 2014, Oracle and/or its affiliates.  All rights reserved.

エクスプレス・モード・ロードの表: GMHIPF_TEMP
使用パス:      外部表, DEGREE_OF_PARALLELISM=AUTO

表GMHIPF_TEMP:
  1195599行のロードに成功しました。

確認するログ・ファイル:
  GMHIPF_TEMP.log
  GMHIPF_TEMP_%p.log_xt
ロードの詳細を参照してください。

SQL*Loader: Release 12.1.0.2.0 - Production on 火 3月 5 04:32:47 2019

Copyright (c) 1982, 2014, Oracle and/or its affiliates.  All rights reserved.

エクスプレス・モード・ロードの表: ZALTPF_TEMP
使用パス:      外部表, DEGREE_OF_PARALLELISM=AUTO

表ZALTPF_TEMP:
  1602623行のロードに成功しました。

確認するログ・ファイル:
  ZALTPF_TEMP.log
  ZALTPF_TEMP_%p.log_xt
ロードの詳細を参照してください。

SQL*Loader: Release 12.1.0.2.0 - Production on 火 3月 5 04:33:12 2019

Copyright (c) 1982, 2014, Oracle and/or its affiliates.  All rights reserved.

エクスプレス・モード・ロードの表: ZCLNPF_TEMP
使用パス:      外部表, DEGREE_OF_PARALLELISM=AUTO

表ZCLNPF_TEMP:
  1121637行のロードに成功しました。

確認するログ・ファイル:
  ZCLNPF_TEMP.log
  ZCLNPF_TEMP_%p.log_xt
ロードの詳細を参照してください。

SQL*Loader: Release 12.1.0.2.0 - Production on 火 3月 5 04:33:44 2019

Copyright (c) 1982, 2014, Oracle and/or its affiliates.  All rights reserved.

エクスプレス・モード・ロードの表: ZMCIPF_TEMP
使用パス:      外部表, DEGREE_OF_PARALLELISM=AUTO

表ZMCIPF_TEMP:
  1523610行のロードに成功しました。

確認するログ・ファイル:
  ZMCIPF_TEMP.log
  ZMCIPF_TEMP_%p.log_xt
ロードの詳細を参照してください。

SQL*Loader: Release 12.1.0.2.0 - Production on 火 3月 5 04:34:00 2019

Copyright (c) 1982, 2014, Oracle and/or its affiliates.  All rights reserved.

エクスプレス・モード・ロードの表: TITDMGMBRINDP1_TEMP
使用パス:      外部表, DEGREE_OF_PARALLELISM=AUTO

表TITDMGMBRINDP1_TEMP:
  767363行のロードに成功しました。

確認するログ・ファイル:
  TITDMGMBRINDP1_TEMP.log
  TITDMGMBRINDP1_TEMP_%p.log_xt
ロードの詳細を参照してください。

SQL*Loader: Release 12.1.0.2.0 - Production on 火 3月 5 04:34:06 2019

Copyright (c) 1982, 2014, Oracle and/or its affiliates.  All rights reserved.

エクスプレス・モード・ロードの表: TITDMGPOLTRNH_FREE_PLANS_TEMP
使用パス:      外部表, DEGREE_OF_PARALLELISM=AUTO

表TITDMGPOLTRNH_FREE_PLANS_TEMP:
  988068行のロードに成功しました。

確認するログ・ファイル:
  TITDMGPOLTRNH_FREE_PLANS_TEMP.log
  TITDMGPOLTRNH_FREE_PLANS_TEMP_%p.log_xt
ロードの詳細を参照してください。

SQL*Loader: Release 12.1.0.2.0 - Production on 火 3月 5 04:34:12 2019

Copyright (c) 1982, 2014, Oracle and/or its affiliates.  All rights reserved.

エクスプレス・モード・ロードの表: TITDMGPOLTRNH_TEMP
使用パス:      外部表, DEGREE_OF_PARALLELISM=AUTO

表TITDMGPOLTRNH_TEMP:
  3行のロードに成功しました。

確認するログ・ファイル:
  TITDMGPOLTRNH_TEMP.log
  TITDMGPOLTRNH_TEMP_%p.log_xt
ロードの詳細を参照してください。

SQL*Loader: Release 12.1.0.2.0 - Production on 火 3月 5 04:34:12 2019

Copyright (c) 1982, 2014, Oracle and/or its affiliates.  All rights reserved.

エクスプレス・モード・ロードの表: TITDMGREF1_TEMP
使用パス:      外部表, DEGREE_OF_PARALLELISM=AUTO

表TITDMGREF1_TEMP:
  0行のロードに成功しました。

確認するログ・ファイル:
  TITDMGREF1_TEMP.log
  TITDMGREF1_TEMP_%p.log_xt
ロードの詳細を参照してください。

SQL*Loader: Release 12.1.0.2.0 - Production on 火 3月 5 04:34:12 2019

Copyright (c) 1982, 2014, Oracle and/or its affiliates.  All rights reserved.

エクスプレス・モード・ロードの表: ZERRPF_TEMP
使用パス:      外部表, DEGREE_OF_PARALLELISM=AUTO

表ZERRPF_TEMP:
  0行のロードに成功しました。

確認するログ・ファイル:
  ZERRPF_TEMP.log
  ZERRPF_TEMP_%p.log_xt
ロードの詳細を参照してください。

SQL*Loader: Release 12.1.0.2.0 - Production on 火 3月 5 04:34:12 2019

Copyright (c) 1982, 2014, Oracle and/or its affiliates.  All rights reserved.

エクスプレス・モード・ロードの表: TOTPAMVALCHKD_TEMP
使用パス:      外部表, DEGREE_OF_PARALLELISM=AUTO

表TOTPAMVALCHKD_TEMP:
  0行のロードに成功しました。

確認するログ・ファイル:
  TOTPAMVALCHKD_TEMP.log
  TOTPAMVALCHKD_TEMP_%p.log_xt
ロードの詳細を参照してください。

SQL*Loader: Release 12.1.0.2.0 - Production on 火 3月 5 04:34:12 2019

Copyright (c) 1982, 2014, Oracle and/or its affiliates.  All rights reserved.

エクスプレス・モード・ロードの表: TITDMGCLNTBANK_TEMP
使用パス:      外部表, DEGREE_OF_PARALLELISM=AUTO

表TITDMGCLNTBANK_TEMP:
  1行のロードに成功しました。

確認するログ・ファイル:
  TITDMGCLNTBANK_TEMP.log
  TITDMGCLNTBANK_TEMP_%p.log_xt
ロードの詳細を参照してください。

SQL*Loader: Release 12.1.0.2.0 - Production on 火 3月 5 04:34:13 2019

Copyright (c) 1982, 2014, Oracle and/or its affiliates.  All rights reserved.

エクスプレス・モード・ロードの表: TITDMGCLNTBANK_FREEPLAN_TEMP
使用パス:      外部表, DEGREE_OF_PARALLELISM=AUTO

表TITDMGCLNTBANK_FREEPLAN_TEMP:
  475456行のロードに成功しました。

確認するログ・ファイル:
  TITDMGCLNTBANK_FREEPLAN_TEMP.log
  TITDMGCLNTBANK_FREEPLAN_TEMP_%p.log_xt
ロードの詳細を参照してください。

SQL*Loader: Release 12.1.0.2.0 - Production on 火 3月 5 04:34:14 2019

Copyright (c) 1982, 2014, Oracle and/or its affiliates.  All rights reserved.

エクスプレス・モード・ロードの表: TITDMGMBRINDP1_FREEPLAN_TEMP
使用パス:      外部表, DEGREE_OF_PARALLELISM=AUTO

表TITDMGMBRINDP1_FREEPLAN_TEMP:
  767363行のロードに成功しました。

確認するログ・ファイル:
  TITDMGMBRINDP1_FREEPLAN_TEMP.log
  TITDMGMBRINDP1_FREEPLAN_TEMP_%p.log_xt
ロードの詳細を参照してください。

SQL*Loader: Release 12.1.0.2.0 - Production on 火 3月 5 04:34:16 2019

Copyright (c) 1982, 2014, Oracle and/or its affiliates.  All rights reserved.

エクスプレス・モード・ロードの表: TITPAMVALCHKDR_TEMP
使用パス:      外部表, DEGREE_OF_PARALLELISM=AUTO

表TITPAMVALCHKDR_TEMP:
  0行のロードに成功しました。

確認するログ・ファイル:
  TITPAMVALCHKDR_TEMP.log
  TITPAMVALCHKDR_TEMP_%p.log_xt
ロードの詳細を参照してください。

SQL*Loader: Release 12.1.0.2.0 - Production on 火 3月 5 04:34:17 2019

Copyright (c) 1982, 2014, Oracle and/or its affiliates.  All rights reserved.

エクスプレス・モード・ロードの表: TOTPAMMISPOL_TEMP
使用パス:      外部表, DEGREE_OF_PARALLELISM=AUTO

表TOTPAMMISPOL_TEMP:
  0行のロードに成功しました。

確認するログ・ファイル:
  TOTPAMMISPOL_TEMP.log
  TOTPAMMISPOL_TEMP_%p.log_xt
ロードの詳細を参照してください。

SQL*Loader: Release 12.1.0.2.0 - Production on 火 3月 5 04:34:17 2019

Copyright (c) 1982, 2014, Oracle and/or its affiliates.  All rights reserved.

エクスプレス・モード・ロードの表: TITPAMBILLSTOP_TEMP
使用パス:      外部表, DEGREE_OF_PARALLELISM=AUTO

表TITPAMBILLSTOP_TEMP:
  0行のロードに成功しました。

確認するログ・ファイル:
  TITPAMBILLSTOP_TEMP.log
  TITPAMBILLSTOP_TEMP_%p.log_xt
ロードの詳細を参照してください。

SQL*Loader: Release 12.1.0.2.0 - Production on 火 3月 5 04:34:17 2019

Copyright (c) 1982, 2014, Oracle and/or its affiliates.  All rights reserved.

エクスプレス・モード・ロードの表: TOTPAMMISCLN_TEMP
使用パス:      外部表, DEGREE_OF_PARALLELISM=AUTO

表TOTPAMMISCLN_TEMP:
  0行のロードに成功しました。

確認するログ・ファイル:
  TOTPAMMISCLN_TEMP.log
  TOTPAMMISCLN_TEMP_%p.log_xt
ロードの詳細を参照してください。

SQL*Loader: Release 12.1.0.2.0 - Production on 火 3月 5 04:34:17 2019

Copyright (c) 1982, 2014, Oracle and/or its affiliates.  All rights reserved.

エクスプレス・モード・ロードの表: TITDMGCLNTPRSN_FREEPLAN_TEMP
使用パス:      外部表, DEGREE_OF_PARALLELISM=AUTO

表TITDMGCLNTPRSN_FREEPLAN_TEMP:
  767363行のロードに成功しました。

確認するログ・ファイル:
  TITDMGCLNTPRSN_FREEPLAN_TEMP.log
  TITDMGCLNTPRSN_FREEPLAN_TEMP_%p.log_xt
ロードの詳細を参照してください。

SQL*Loader: Release 12.1.0.2.0 - Production on 火 3月 5 04:34:27 2019

Copyright (c) 1982, 2014, Oracle and/or its affiliates.  All rights reserved.

エクスプレス・モード・ロードの表: TITDMGCLNTPRSN_TEMP
使用パス:      外部表, DEGREE_OF_PARALLELISM=AUTO

表TITDMGCLNTPRSN_TEMP:
  1行のロードに成功しました。

確認するログ・ファイル:
  TITDMGCLNTPRSN_TEMP.log
  TITDMGCLNTPRSN_TEMP_%p.log_xt
ロードの詳細を参照してください。

SQL*Loader: Release 12.1.0.2.0 - Production on 火 3月 5 04:34:27 2019

Copyright (c) 1982, 2014, Oracle and/or its affiliates.  All rights reserved.

エクスプレス・モード・ロードの表: TITDMGCLTRNHIS_TEMP
使用パス:      外部表, DEGREE_OF_PARALLELISM=AUTO

表TITDMGCLTRNHIS_TEMP:
  1行のロードに成功しました。

確認するログ・ファイル:
  TITDMGCLTRNHIS_TEMP.log
  TITDMGCLTRNHIS_TEMP_%p.log_xt
ロードの詳細を参照してください。

SQL*Loader: Release 12.1.0.2.0 - Production on 火 3月 5 04:34:28 2019

Copyright (c) 1982, 2014, Oracle and/or its affiliates.  All rights reserved.

エクスプレス・モード・ロードの表: TITDMGCLTRNHIS_FP_TEMP
使用パス:      外部表, DEGREE_OF_PARALLELISM=AUTO

表TITDMGCLTRNHIS_FP_TEMP:
  775270行のロードに成功しました。

確認するログ・ファイル:
  TITDMGCLTRNHIS_FP_TEMP.log
  TITDMGCLTRNHIS_FP_TEMP_%p.log_xt
ロードの詳細を参照してください。

SQL*Loader: Release 12.1.0.2.0 - Production on 火 3月 5 04:34:42 2019

Copyright (c) 1982, 2014, Oracle and/or its affiliates.  All rights reserved.

エクスプレス・モード・ロードの表: CLRRPF_TEMP
使用パス:      外部表, DEGREE_OF_PARALLELISM=AUTO

表CLRRPF_TEMP:
  0行のロードに成功しました。

確認するログ・ファイル:
  CLRRPF_TEMP.log
  CLRRPF_TEMP_%p.log_xt
ロードの詳細を参照してください。

SQL*Loader: Release 12.1.0.2.0 - Production on 火 3月 5 04:34:42 2019

Copyright (c) 1982, 2014, Oracle and/or its affiliates.  All rights reserved.

エクスプレス・モード・ロードの表: AUDIT_CLRRPF_TEMP
使用パス:      外部表, DEGREE_OF_PARALLELISM=AUTO

表AUDIT_CLRRPF_TEMP:
  0行のロードに成功しました。

確認するログ・ファイル:
  AUDIT_CLRRPF_TEMP.log
  AUDIT_CLRRPF_TEMP_%p.log_xt
ロードの詳細を参照してください。
******************************************************************************
*************************SQLLDR Completed*************************
******************************************************************************
******************************************************************************
********************************COMPLETED PARALELL************************************
******************************************************************************
******************************************************************************
*************************Parallel loader comleted*************************
******************************************************************************
******************************************************************************
*************************Normal loader Started*************************
******************************************************************************
******************************************************************************
*****************************Encoding****************************************
******************************************************************************
japanese_japan.ja16sjis
japanese_japan.ja16sjis
japanese_japan.ja16sjis
******************************************************************************
*************************Normal VM1DTA external Started*************************
******************************************************************************

SQL*Plus: Release 12.1.0.2.0 Production on 火 3月 5 04:34:43 2019

Copyright (c) 1982, 2014, Oracle.  All rights reserved.

ユーザー名を入力してください: 最終正常ログイン時間: 火 3月  05 2019 04:34:42 +09:00


Oracle Database 12c Enterprise Edition Release 12.1.0.2.0 - 64bit Production
With the Partitioning, Automatic Storage Management, OLAP, Advanced Analytics
and Real Application Testing options
に接続されました。
04:34:43 VM1DTA@IGPRD22> 04:34:43 VM1DTA@IGPRD22> 04:34:43 VM1DTA@IGPRD22> 04:34:43 VM1DTA@IGPRD22> 04:34:43 VM1DTA@IGPRD22> 04:34:43 VM1DTA@IGPRD22> 04:34:43 VM1DTA@IGPRD22> 04:34:43 VM1DTA@IGPRD22> 04:34:43 VM1DTA@IGPRD22> 04:34:43 VM1DTA@IGPRD22> 04:34:43 VM1DTA@IGPRD22> 04:34:43 VM1DTA@IGPRD22> 04:34:43 VM1DTA@IGPRD22> 04:34:43 VM1DTA@IGPRD22> 04:34:43 VM1DTA@IGPRD22> 04:34:43 VM1DTA@IGPRD22> 04:34:43 VM1DTA@IGPRD22> Oracle Database 12c Enterprise Edition Release 12.1.0.2.0 - 64bit Production
With the Partitioning, Automatic Storage Management, OLAP, Advanced Analytics
and Real Application Testing optionsとの接続が切断されました。
******************************************************************************
*************************Normal VM1DTA external Started*************************
******************************************************************************

SQL*Plus: Release 12.1.0.2.0 Production on 火 3月 5 04:34:43 2019

Copyright (c) 1982, 2014, Oracle.  All rights reserved.

ユーザー名を入力してください: 最終正常ログイン時間: 火 3月  05 2019 02:43:35 +09:00


Oracle Database 12c Enterprise Edition Release 12.1.0.2.0 - 64bit Production
With the Partitioning, Automatic Storage Management, OLAP, Advanced Analytics
and Real Application Testing options
に接続されました。
04:34:43 STAGEDBUSR@stgprd22> 04:34:43 STAGEDBUSR@stgprd22> 04:34:43 STAGEDBUSR@stgprd22> 04:34:43 STAGEDBUSR@stgprd22> 04:34:43 STAGEDBUSR@stgprd22> 04:34:43 STAGEDBUSR@stgprd22> 04:34:43 STAGEDBUSR@stgprd22> 04:34:43 STAGEDBUSR@stgprd22> 04:34:43 STAGEDBUSR@stgprd22> Oracle Database 12c Enterprise Edition Release 12.1.0.2.0 - 64bit Production
With the Partitioning, Automatic Storage Management, OLAP, Advanced Analytics
and Real Application Testing optionsとの接続が切断されました。
******************************************************************************
********************************COMPLETED Normal************************************
******************************************************************************
******************************************************************************
*************************Normal loader COMPLETED**************************************
******************************************************************************
******************************************************************************
********************************Loader COMPLETED************************************
******************************************************************************
******************************************************************************
*****************************Encoding****************************************
******************************************************************************
japanese_japan.ja16sjis
japanese_japan.ja16sjis
japanese_japan.ja16sjis
******************************************************************************
*************************Move VM1DTA table:STARTED*************************
******************************************************************************

SQL*Plus: Release 12.1.0.2.0 Production on 火 3月 5 04:34:44 2019

Copyright (c) 1982, 2014, Oracle.  All rights reserved.

ユーザー名を入力してください: 最終正常ログイン時間: 火 3月  05 2019 04:34:43 +09:00


Oracle Database 12c Enterprise Edition Release 12.1.0.2.0 - 64bit Production
With the Partitioning, Automatic Storage Management, OLAP, Advanced Analytics
and Real Application Testing options
に接続されました。
04:34:44 VM1DTA@IGPRD22> 04:34:44 VM1DTA@IGPRD22> 04:34:44 VM1DTA@IGPRD22> 04:34:44 VM1DTA@IGPRD22> 04:34:44 VM1DTA@IGPRD22> 04:34:44 VM1DTA@IGPRD22> 04:34:44 VM1DTA@IGPRD22> 04:34:44 VM1DTA@IGPRD22> 04:34:44 VM1DTA@IGPRD22> 04:34:44 VM1DTA@IGPRD22> 04:34:48 VM1DTA@IGPRD22> 04:34:49 VM1DTA@IGPRD22> 04:34:51 VM1DTA@IGPRD22> 04:34:51 VM1DTA@IGPRD22> 04:34:51 VM1DTA@IGPRD22> 04:34:53 VM1DTA@IGPRD22> 04:35:02 VM1DTA@IGPRD22> Oracle Database 12c Enterprise Edition Release 12.1.0.2.0 - 64bit Production
With the Partitioning, Automatic Storage Management, OLAP, Advanced Analytics
and Real Application Testing optionsとの接続が切断されました。
******************************************************************************
*************************Move VM1DTA table:COMPLETED*************************
******************************************************************************
******************************************************************************
*************************Move STAGE table:STARTED*************************
******************************************************************************

SQL*Plus: Release 12.1.0.2.0 Production on 火 3月 5 04:35:02 2019

Copyright (c) 1982, 2014, Oracle.  All rights reserved.

ユーザー名を入力してください: 最終正常ログイン時間: 火 3月  05 2019 04:34:43 +09:00


Oracle Database 12c Enterprise Edition Release 12.1.0.2.0 - 64bit Production
With the Partitioning, Automatic Storage Management, OLAP, Advanced Analytics
and Real Application Testing options
に接続されました。
04:35:02 STAGEDBUSR@stgprd22> 04:35:02 STAGEDBUSR@stgprd22> 04:35:02 STAGEDBUSR@stgprd22> 04:35:02 STAGEDBUSR@stgprd22> 04:35:02 STAGEDBUSR@stgprd22> 04:35:02 STAGEDBUSR@stgprd22> 04:35:02 STAGEDBUSR@stgprd22> 04:35:02 STAGEDBUSR@stgprd22> 04:35:03 STAGEDBUSR@stgprd22> Oracle Database 12c Enterprise Edition Release 12.1.0.2.0 - 64bit Production
With the Partitioning, Automatic Storage Management, OLAP, Advanced Analytics
and Real Application Testing optionsとの接続が切断されました。
******************************************************************************
*************************Move STAGE table:COMPLETED*************************
******************************************************************************
******************************************************************************
*************************Move Parallel table:STARTED*************************
******************************************************************************

SQL*Plus: Release 12.1.0.2.0 Production on 火 3月 5 04:35:03 2019

Copyright (c) 1982, 2014, Oracle.  All rights reserved.

ユーザー名を入力してください: 最終正常ログイン時間: 火 3月  05 2019 04:34:44 +09:00


Oracle Database 12c Enterprise Edition Release 12.1.0.2.0 - 64bit Production
With the Partitioning, Automatic Storage Management, OLAP, Advanced Analytics
and Real Application Testing options
に接続されました。
04:35:03 VM1DTA@IGPRD22> 04:35:03 VM1DTA@IGPRD22> 04:35:03 VM1DTA@IGPRD22> 04:35:03 VM1DTA@IGPRD22> 04:35:03 VM1DTA@IGPRD22> 04:35:03 VM1DTA@IGPRD22> 04:35:03 VM1DTA@IGPRD22> 04:36:36 VM1DTA@IGPRD22> 04:38:05 VM1DTA@IGPRD22> 04:38:22 VM1DTA@IGPRD22> 04:39:48 VM1DTA@IGPRD22> 04:41:29 VM1DTA@IGPRD22> 04:41:37 VM1DTA@IGPRD22> 04:42:02 VM1DTA@IGPRD22> 04:42:54 VM1DTA@IGPRD22> 04:43:13 VM1DTA@IGPRD22> 04:43:54 VM1DTA@IGPRD22> 04:52:08 VM1DTA@IGPRD22> 04:52:12 VM1DTA@IGPRD22> 04:52:15 VM1DTA@IGPRD22> 04:52:19 VM1DTA@IGPRD22> 04:52:19 VM1DTA@IGPRD22> 04:52:19 VM1DTA@IGPRD22> 04:52:19 VM1DTA@IGPRD22> 04:52:19 VM1DTA@IGPRD22> 04:52:41 VM1DTA@IGPRD22> 04:53:05 VM1DTA@IGPRD22> 04:53:12 VM1DTA@IGPRD22> 04:53:12 VM1DTA@IGPRD22> 04:53:12 VM1DTA@IGPRD22> 04:53:12 VM1DTA@IGPRD22> 04:53:12 VM1DTA@IGPRD22> 04:53:12 VM1DTA@IGPRD22> 04:53:12 VM1DTA@IGPRD22> 04:53:30 VM1DTA@IGPRD22> 04:53:30 VM1DTA@IGPRD22> 04:53:30 VM1DTA@IGPRD22> 04:53:49 VM1DTA@IGPRD22> 04:54:00 VM1DTA@IGPRD22> 04:56:17 VM1DTA@IGPRD22> Oracle Database 12c Enterprise Edition Release 12.1.0.2.0 - 64bit Production
With the Partitioning, Automatic Storage Management, OLAP, Advanced Analytics
and Real Application Testing optionsとの接続が切断されました。
******************************************************************************
*************************Move Parallel table:COMPLETED*************************
******************************************************************************
******************************************************************************
********************************COMPLETED************************************
******************************************************************************
